[debug] [2022-05-31T17:55:50.256Z] ----------------------------------------------------------------------
[debug] [2022-05-31T17:55:50.257Z] Command:       /opt/homebrew/Cellar/node/17.8.0/bin/node /opt/homebrew/bin/firebase emulators:start
[debug] [2022-05-31T17:55:50.257Z] CLI Version:   8.20.0
[debug] [2022-05-31T17:55:50.257Z] Platform:      darwin
[debug] [2022-05-31T17:55:50.257Z] Node Version:  v17.8.0
[debug] [2022-05-31T17:55:50.258Z] Time:          Tue May 31 2022 23:25:50 GMT+0530 (India Standard Time)
[debug] [2022-05-31T17:55:50.258Z] ----------------------------------------------------------------------
[debug] [2022-05-31T17:55:50.258Z] 
[debug] [2022-05-31T17:55:50.261Z] > command requires scopes: ["email","openid","https://www.googleapis.com/auth/cloudplatformprojects.readonly","https://www.googleapis.com/auth/firebase","https://www.googleapis.com/auth/cloud-platform"]
[debug] [2022-05-31T17:55:50.261Z] > authorizing via signed-in user
[info] i  emulators: Starting emulators: functions, hosting {"metadata":{"emulator":{"name":"hub"},"message":"Starting emulators: functions, hosting"}}
[warn] ⚠  emulators: It seems that you are running multiple instances of the emulator suite for project challenge-b657d. This may result in unexpected behavior. 
[debug] [2022-05-31T17:55:50.271Z] [hub] writing locator at /var/folders/_s/2rgpwy_x7z9dwnpvclc4bmmh0000gn/T/hub-challenge-b657d.json
[warn] ⚠  functions: The following emulators are not running, calls to these services from the Functions emulator will affect production: auth, firestore, database, pubsub {"metadata":{"emulator":{"name":"functions"},"message":"The following emulators are not running, calls to these services from the Functions emulator will affect production: \u001b[1mauth, firestore, database, pubsub\u001b[22m"}}
[warn] ⚠  Your requested "node" version "12" doesn't match your global version "17" {"metadata":{"emulator":{"name":"functions"},"message":"Your requested \"node\" version \"12\" doesn't match your global version \"17\""}}
[debug] [2022-05-31T17:55:50.287Z] defaultcredentials: writing to file /Users/preetimallick/.config/firebase/preetimm50_gmail_com_application_default_credentials.json
[debug] [2022-05-31T17:55:50.289Z] Setting GAC to /Users/preetimallick/.config/firebase/preetimm50_gmail_com_application_default_credentials.json {"metadata":{"emulator":{"name":"functions"},"message":"Setting GAC to /Users/preetimallick/.config/firebase/preetimm50_gmail_com_application_default_credentials.json"}}
[debug] [2022-05-31T17:55:50.587Z] >>> HTTP REQUEST GET https://firebase.googleapis.com/v1beta1/projects/challenge-b657d/webApps/-/config  
 
[debug] [2022-05-31T17:55:51.987Z] <<< HTTP RESPONSE 200 {"content-type":"application/json; charset=UTF-8","vary":"X-Origin, Referer, Origin,Accept-Encoding","date":"Tue, 31 May 2022 17:55:51 GMT","server":"ESF","cache-control":"private","x-xss-protection":"0","x-frame-options":"SAMEORIGIN","x-content-type-options":"nosniff","alt-svc":"h3=\":443\"; ma=2592000,h3-29=\":443\"; ma=2592000,h3-Q050=\":443\"; ma=2592000,h3-Q046=\":443\"; ma=2592000,h3-Q043=\":443\"; ma=2592000,quic=\":443\"; ma=2592000; v=\"46,43\"","accept-ranges":"none","transfer-encoding":"chunked"}
[info] i  hosting: Serving hosting files from: build {"metadata":{"emulator":{"name":"hosting"},"message":"Serving hosting files from: \u001b[1mbuild\u001b[22m"}}
[info] ✔  hosting: Local server: http://localhost:5000 {"metadata":{"emulator":{"name":"hosting"},"message":"Local server: \u001b[4m\u001b[1mhttp://localhost:5000\u001b[22m\u001b[24m"}}
[warn] ⚠  ui: Emulator UI unable to start on port 4000, starting on 4001 instead. {"metadata":{"emulator":{"name":"ui"},"message":"Emulator UI unable to start on port 4000, starting on 4001 instead."}}
[debug] [2022-05-31T17:55:52.041Z] Ignoring unsupported arg: auto_download {"metadata":{"emulator":{"name":"ui"},"message":"Ignoring unsupported arg: auto_download"}}
[debug] [2022-05-31T17:55:52.042Z] Ignoring unsupported arg: port {"metadata":{"emulator":{"name":"ui"},"message":"Ignoring unsupported arg: port"}}
[debug] [2022-05-31T17:55:52.042Z] Starting Emulator UI with command {"binary":"node","args":["/Users/preetimallick/.cache/firebase/emulators/ui-v1.4.0/server.bundle.js"],"optionalArgs":[],"joinArgs":false} {"metadata":{"emulator":{"name":"ui"},"message":"Starting Emulator UI with command {\"binary\":\"node\",\"args\":[\"/Users/preetimallick/.cache/firebase/emulators/ui-v1.4.0/server.bundle.js\"],\"optionalArgs\":[],\"joinArgs\":false}"}}
[info] i  ui: Emulator UI logging to ui-debug.log {"metadata":{"emulator":{"name":"ui"},"message":"Emulator UI logging to \u001b[1mui-debug.log\u001b[22m"}}
[debug] [2022-05-31T17:55:52.116Z] Web / API server started at http://localhost:4001
 {"metadata":{"emulator":{"name":"ui"},"message":"Web / API server started at http://localhost:4001\n"}}
[info] i  functions: Watching "/Users/preetimallick/Desktop/Javascript/amazon-clone/amazon-clone/functions" for Cloud Functions... {"metadata":{"emulator":{"name":"functions"},"message":"Watching \"/Users/preetimallick/Desktop/Javascript/amazon-clone/amazon-clone/functions\" for Cloud Functions..."}}
[debug] [2022-05-31T17:55:52.305Z] [worker-pool] addWorker(~diagnostic~) {"metadata":{"emulator":{"name":"functions"},"message":"[worker-pool] addWorker(~diagnostic~)"}}
[debug] [2022-05-31T17:55:52.306Z] [worker-pool] Adding worker with key ~diagnostic~, total=1 {"metadata":{"emulator":{"name":"functions"},"message":"[worker-pool] Adding worker with key ~diagnostic~, total=1"}}
[debug] [2022-05-31T17:55:52.306Z] [worker-pool] submitWork(triggerId=) {"metadata":{"emulator":{"name":"functions"},"message":"[worker-pool] submitWork(triggerId=)"}}
[debug] [2022-05-31T17:55:52.306Z] [worker-~diagnostic~-2ad4e195-a088-4076-a50c-a4e9875b8b72]: Assigning socketPath: /var/folders/_s/2rgpwy_x7z9dwnpvclc4bmmh0000gn/T/fire_emu_89695.sock {"metadata":{"emulator":{"name":"functions"},"message":"[worker-~diagnostic~-2ad4e195-a088-4076-a50c-a4e9875b8b72]: Assigning socketPath: /var/folders/_s/2rgpwy_x7z9dwnpvclc4bmmh0000gn/T/fire_emu_89695.sock"}}
[debug] [2022-05-31T17:55:52.306Z] [worker-~diagnostic~-2ad4e195-a088-4076-a50c-a4e9875b8b72]: BUSY {"metadata":{"emulator":{"name":"functions"},"message":"[worker-~diagnostic~-2ad4e195-a088-4076-a50c-a4e9875b8b72]: BUSY"}}
[debug] [2022-05-31T17:55:52.400Z] [runtime-status] [89695] Functions runtime initialized. {"cwd":"/Users/preetimallick/Desktop/Javascript/amazon-clone/amazon-clone/functions","node_version":"17.8.0"} {"metadata":{"emulator":{"name":"functions"},"message":"[runtime-status] [89695] Functions runtime initialized. {\"cwd\":\"/Users/preetimallick/Desktop/Javascript/amazon-clone/amazon-clone/functions\",\"node_version\":\"17.8.0\"}"}}
[debug] [2022-05-31T17:55:52.400Z] [runtime-status] [89695] Disabled runtime features: undefined {"metadata":{"emulator":{"name":"functions"},"message":"[runtime-status] [89695] Disabled runtime features: undefined"}}
[debug] [2022-05-31T17:55:52.402Z] [runtime-status] [89695] Resolved module firebase-admin {"declared":true,"installed":true,"version":"9.12.0","resolution":"/Users/preetimallick/Desktop/Javascript/amazon-clone/amazon-clone/functions/node_modules/firebase-admin/lib/index.js"} {"metadata":{"emulator":{"name":"functions"},"message":"[runtime-status] [89695] Resolved module firebase-admin {\"declared\":true,\"installed\":true,\"version\":\"9.12.0\",\"resolution\":\"/Users/preetimallick/Desktop/Javascript/amazon-clone/amazon-clone/functions/node_modules/firebase-admin/lib/index.js\"}"}}
[debug] [2022-05-31T17:55:52.403Z] [runtime-status] [89695] Resolved module firebase-functions {"declared":true,"installed":true,"version":"3.21.2","resolution":"/Users/preetimallick/Desktop/Javascript/amazon-clone/amazon-clone/functions/node_modules/firebase-functions/lib/index.js"} {"metadata":{"emulator":{"name":"functions"},"message":"[runtime-status] [89695] Resolved module firebase-functions {\"declared\":true,\"installed\":true,\"version\":\"3.21.2\",\"resolution\":\"/Users/preetimallick/Desktop/Javascript/amazon-clone/amazon-clone/functions/node_modules/firebase-functions/lib/index.js\"}"}}
[debug] [2022-05-31T17:55:52.404Z] [runtime-status] [89695] Resolved module firebase-functions {"declared":true,"installed":true,"version":"3.21.2","resolution":"/Users/preetimallick/Desktop/Javascript/amazon-clone/amazon-clone/functions/node_modules/firebase-functions/lib/index.js"} {"metadata":{"emulator":{"name":"functions"},"message":"[runtime-status] [89695] Resolved module firebase-functions {\"declared\":true,\"installed\":true,\"version\":\"3.21.2\",\"resolution\":\"/Users/preetimallick/Desktop/Javascript/amazon-clone/amazon-clone/functions/node_modules/firebase-functions/lib/index.js\"}"}}
[debug] [2022-05-31T17:55:52.404Z] [runtime-status] [89695] Outgoing network have been stubbed. [{"name":"http","status":"mocked"},{"name":"http","status":"mocked"},{"name":"https","status":"mocked"},{"name":"https","status":"mocked"},{"name":"net","status":"mocked"}] {"metadata":{"emulator":{"name":"functions"},"message":"[runtime-status] [89695] Outgoing network have been stubbed. [{\"name\":\"http\",\"status\":\"mocked\"},{\"name\":\"http\",\"status\":\"mocked\"},{\"name\":\"https\",\"status\":\"mocked\"},{\"name\":\"https\",\"status\":\"mocked\"},{\"name\":\"net\",\"status\":\"mocked\"}]"}}
[debug] [2022-05-31T17:55:52.405Z] [runtime-status] [89695] Resolved module firebase-functions {"declared":true,"installed":true,"version":"3.21.2","resolution":"/Users/preetimallick/Desktop/Javascript/amazon-clone/amazon-clone/functions/node_modules/firebase-functions/lib/index.js"} {"metadata":{"emulator":{"name":"functions"},"message":"[runtime-status] [89695] Resolved module firebase-functions {\"declared\":true,\"installed\":true,\"version\":\"3.21.2\",\"resolution\":\"/Users/preetimallick/Desktop/Javascript/amazon-clone/amazon-clone/functions/node_modules/firebase-functions/lib/index.js\"}"}}
[debug] [2022-05-31T17:55:52.432Z] [runtime-status] [89695] Checked functions.config() {"config":{}} {"metadata":{"emulator":{"name":"functions"},"message":"[runtime-status] [89695] Checked functions.config() {\"config\":{}}"}}
[debug] [2022-05-31T17:55:52.432Z] [runtime-status] [89695] firebase-functions has been stubbed. {"functionsResolution":{"declared":true,"installed":true,"version":"3.21.2","resolution":"/Users/preetimallick/Desktop/Javascript/amazon-clone/amazon-clone/functions/node_modules/firebase-functions/lib/index.js"}} {"metadata":{"emulator":{"name":"functions"},"message":"[runtime-status] [89695] firebase-functions has been stubbed. {\"functionsResolution\":{\"declared\":true,\"installed\":true,\"version\":\"3.21.2\",\"resolution\":\"/Users/preetimallick/Desktop/Javascript/amazon-clone/amazon-clone/functions/node_modules/firebase-functions/lib/index.js\"}}"}}
[debug] [2022-05-31T17:55:52.432Z] [runtime-status] [89695] Resolved module firebase-functions {"declared":true,"installed":true,"version":"3.21.2","resolution":"/Users/preetimallick/Desktop/Javascript/amazon-clone/amazon-clone/functions/node_modules/firebase-functions/lib/index.js"} {"metadata":{"emulator":{"name":"functions"},"message":"[runtime-status] [89695] Resolved module firebase-functions {\"declared\":true,\"installed\":true,\"version\":\"3.21.2\",\"resolution\":\"/Users/preetimallick/Desktop/Javascript/amazon-clone/amazon-clone/functions/node_modules/firebase-functions/lib/index.js\"}"}}
[debug] [2022-05-31T17:55:52.433Z] [runtime-status] [89695] Resolved module firebase-admin {"declared":true,"installed":true,"version":"9.12.0","resolution":"/Users/preetimallick/Desktop/Javascript/amazon-clone/amazon-clone/functions/node_modules/firebase-admin/lib/index.js"} {"metadata":{"emulator":{"name":"functions"},"message":"[runtime-status] [89695] Resolved module firebase-admin {\"declared\":true,\"installed\":true,\"version\":\"9.12.0\",\"resolution\":\"/Users/preetimallick/Desktop/Javascript/amazon-clone/amazon-clone/functions/node_modules/firebase-admin/lib/index.js\"}"}}
[debug] [2022-05-31T17:55:52.433Z] [runtime-status] [89695] Resolved module firebase-functions {"declared":true,"installed":true,"version":"3.21.2","resolution":"/Users/preetimallick/Desktop/Javascript/amazon-clone/amazon-clone/functions/node_modules/firebase-functions/lib/index.js"} {"metadata":{"emulator":{"name":"functions"},"message":"[runtime-status] [89695] Resolved module firebase-functions {\"declared\":true,\"installed\":true,\"version\":\"3.21.2\",\"resolution\":\"/Users/preetimallick/Desktop/Javascript/amazon-clone/amazon-clone/functions/node_modules/firebase-functions/lib/index.js\"}"}}
[debug] [2022-05-31T17:55:52.433Z] [runtime-status] [89695] firebase-admin has been stubbed. {"adminResolution":{"declared":true,"installed":true,"version":"9.12.0","resolution":"/Users/preetimallick/Desktop/Javascript/amazon-clone/amazon-clone/functions/node_modules/firebase-admin/lib/index.js"}} {"metadata":{"emulator":{"name":"functions"},"message":"[runtime-status] [89695] firebase-admin has been stubbed. {\"adminResolution\":{\"declared\":true,\"installed\":true,\"version\":\"9.12.0\",\"resolution\":\"/Users/preetimallick/Desktop/Javascript/amazon-clone/amazon-clone/functions/node_modules/firebase-admin/lib/index.js\"}}"}}
[info] 
┌─────────────────────────────────────────────────────────────┐
│ ✔  All emulators ready! It is now safe to connect your app. │
│ i  View Emulator UI at http://localhost:4001                │
└─────────────────────────────────────────────────────────────┘

┌───────────┬────────────────┬─────────────────────────────────┐
│ Emulator  │ Host:Port      │ View in Emulator UI             │
├───────────┼────────────────┼─────────────────────────────────┤
│ Functions │ localhost:5001 │ http://localhost:4001/functions │
├───────────┼────────────────┼─────────────────────────────────┤
│ Hosting   │ localhost:5000 │ n/a                             │
└───────────┴────────────────┴─────────────────────────────────┘
  Emulator Hub running at localhost:4400
  Other reserved ports: 4500

Issues? Report them at https://github.com/firebase/firebase-tools/issues and attach the *-debug.log files.
 
[debug] [2022-05-31T17:55:52.485Z] [worker-~diagnostic~-2ad4e195-a088-4076-a50c-a4e9875b8b72]: IDLE {"metadata":{"emulator":{"name":"functions"},"message":"[worker-~diagnostic~-2ad4e195-a088-4076-a50c-a4e9875b8b72]: IDLE"}}
[debug] [2022-05-31T18:01:29.687Z] File /Users/preetimallick/Desktop/Javascript/amazon-clone/amazon-clone/functions/index.js changed, reloading triggers {"metadata":{"emulator":{"name":"functions"},"message":"File /Users/preetimallick/Desktop/Javascript/amazon-clone/amazon-clone/functions/index.js changed, reloading triggers"}}
[debug] [2022-05-31T18:01:30.702Z] [worker-pool] Shutting down IDLE worker (~diagnostic~) {"metadata":{"emulator":{"name":"functions"},"message":"[worker-pool] Shutting down IDLE worker (~diagnostic~)"}}
[debug] [2022-05-31T18:01:30.702Z] [worker-~diagnostic~-2ad4e195-a088-4076-a50c-a4e9875b8b72]: FINISHING {"metadata":{"emulator":{"name":"functions"},"message":"[worker-~diagnostic~-2ad4e195-a088-4076-a50c-a4e9875b8b72]: FINISHING"}}
[debug] [2022-05-31T18:01:30.719Z] [worker-pool] addWorker(~diagnostic~) {"metadata":{"emulator":{"name":"functions"},"message":"[worker-pool] addWorker(~diagnostic~)"}}
[debug] [2022-05-31T18:01:30.719Z] [worker-pool] Adding worker with key ~diagnostic~, total=2 {"metadata":{"emulator":{"name":"functions"},"message":"[worker-pool] Adding worker with key ~diagnostic~, total=2"}}
[debug] [2022-05-31T18:01:30.719Z] [worker-pool] submitWork(triggerId=) {"metadata":{"emulator":{"name":"functions"},"message":"[worker-pool] submitWork(triggerId=)"}}
[debug] [2022-05-31T18:01:30.724Z] [worker-~diagnostic~-2c34260c-a543-467c-ad22-9db6562e72e9]: Assigning socketPath: /var/folders/_s/2rgpwy_x7z9dwnpvclc4bmmh0000gn/T/fire_emu_89762.sock {"metadata":{"emulator":{"name":"functions"},"message":"[worker-~diagnostic~-2c34260c-a543-467c-ad22-9db6562e72e9]: Assigning socketPath: /var/folders/_s/2rgpwy_x7z9dwnpvclc4bmmh0000gn/T/fire_emu_89762.sock"}}
[debug] [2022-05-31T18:01:30.725Z] [worker-~diagnostic~-2c34260c-a543-467c-ad22-9db6562e72e9]: BUSY {"metadata":{"emulator":{"name":"functions"},"message":"[worker-~diagnostic~-2c34260c-a543-467c-ad22-9db6562e72e9]: BUSY"}}
[debug] [2022-05-31T18:01:30.753Z] [worker-~diagnostic~-2ad4e195-a088-4076-a50c-a4e9875b8b72]: exited {"metadata":{"emulator":{"name":"functions"},"message":"[worker-~diagnostic~-2ad4e195-a088-4076-a50c-a4e9875b8b72]: exited"}}
[debug] [2022-05-31T18:01:30.753Z] [worker-~diagnostic~-2ad4e195-a088-4076-a50c-a4e9875b8b72]: FINISHED {"metadata":{"emulator":{"name":"functions"},"message":"[worker-~diagnostic~-2ad4e195-a088-4076-a50c-a4e9875b8b72]: FINISHED"}}
[debug] [2022-05-31T18:01:30.870Z] [runtime-status] [89762] Functions runtime initialized. {"cwd":"/Users/preetimallick/Desktop/Javascript/amazon-clone/amazon-clone/functions","node_version":"17.8.0"} {"metadata":{"emulator":{"name":"functions"},"message":"[runtime-status] [89762] Functions runtime initialized. {\"cwd\":\"/Users/preetimallick/Desktop/Javascript/amazon-clone/amazon-clone/functions\",\"node_version\":\"17.8.0\"}"}}
[debug] [2022-05-31T18:01:30.871Z] [runtime-status] [89762] Disabled runtime features: undefined {"metadata":{"emulator":{"name":"functions"},"message":"[runtime-status] [89762] Disabled runtime features: undefined"}}
[debug] [2022-05-31T18:01:30.872Z] [runtime-status] [89762] Resolved module firebase-admin {"declared":true,"installed":true,"version":"9.12.0","resolution":"/Users/preetimallick/Desktop/Javascript/amazon-clone/amazon-clone/functions/node_modules/firebase-admin/lib/index.js"} {"metadata":{"emulator":{"name":"functions"},"message":"[runtime-status] [89762] Resolved module firebase-admin {\"declared\":true,\"installed\":true,\"version\":\"9.12.0\",\"resolution\":\"/Users/preetimallick/Desktop/Javascript/amazon-clone/amazon-clone/functions/node_modules/firebase-admin/lib/index.js\"}"}}
[debug] [2022-05-31T18:01:30.873Z] [runtime-status] [89762] Resolved module firebase-functions {"declared":true,"installed":true,"version":"3.21.2","resolution":"/Users/preetimallick/Desktop/Javascript/amazon-clone/amazon-clone/functions/node_modules/firebase-functions/lib/index.js"} {"metadata":{"emulator":{"name":"functions"},"message":"[runtime-status] [89762] Resolved module firebase-functions {\"declared\":true,\"installed\":true,\"version\":\"3.21.2\",\"resolution\":\"/Users/preetimallick/Desktop/Javascript/amazon-clone/amazon-clone/functions/node_modules/firebase-functions/lib/index.js\"}"}}
[debug] [2022-05-31T18:01:30.876Z] [runtime-status] [89762] Resolved module firebase-functions {"declared":true,"installed":true,"version":"3.21.2","resolution":"/Users/preetimallick/Desktop/Javascript/amazon-clone/amazon-clone/functions/node_modules/firebase-functions/lib/index.js"} {"metadata":{"emulator":{"name":"functions"},"message":"[runtime-status] [89762] Resolved module firebase-functions {\"declared\":true,\"installed\":true,\"version\":\"3.21.2\",\"resolution\":\"/Users/preetimallick/Desktop/Javascript/amazon-clone/amazon-clone/functions/node_modules/firebase-functions/lib/index.js\"}"}}
[debug] [2022-05-31T18:01:30.880Z] [runtime-status] [89762] Outgoing network have been stubbed. [{"name":"http","status":"mocked"},{"name":"http","status":"mocked"},{"name":"https","status":"mocked"},{"name":"https","status":"mocked"},{"name":"net","status":"mocked"}] {"metadata":{"emulator":{"name":"functions"},"message":"[runtime-status] [89762] Outgoing network have been stubbed. [{\"name\":\"http\",\"status\":\"mocked\"},{\"name\":\"http\",\"status\":\"mocked\"},{\"name\":\"https\",\"status\":\"mocked\"},{\"name\":\"https\",\"status\":\"mocked\"},{\"name\":\"net\",\"status\":\"mocked\"}]"}}
[debug] [2022-05-31T18:01:30.880Z] [runtime-status] [89762] Resolved module firebase-functions {"declared":true,"installed":true,"version":"3.21.2","resolution":"/Users/preetimallick/Desktop/Javascript/amazon-clone/amazon-clone/functions/node_modules/firebase-functions/lib/index.js"} {"metadata":{"emulator":{"name":"functions"},"message":"[runtime-status] [89762] Resolved module firebase-functions {\"declared\":true,\"installed\":true,\"version\":\"3.21.2\",\"resolution\":\"/Users/preetimallick/Desktop/Javascript/amazon-clone/amazon-clone/functions/node_modules/firebase-functions/lib/index.js\"}"}}
[debug] [2022-05-31T18:01:30.923Z] [runtime-status] [89762] Checked functions.config() {"config":{}} {"metadata":{"emulator":{"name":"functions"},"message":"[runtime-status] [89762] Checked functions.config() {\"config\":{}}"}}
[debug] [2022-05-31T18:01:30.924Z] [runtime-status] [89762] firebase-functions has been stubbed. {"functionsResolution":{"declared":true,"installed":true,"version":"3.21.2","resolution":"/Users/preetimallick/Desktop/Javascript/amazon-clone/amazon-clone/functions/node_modules/firebase-functions/lib/index.js"}} {"metadata":{"emulator":{"name":"functions"},"message":"[runtime-status] [89762] firebase-functions has been stubbed. {\"functionsResolution\":{\"declared\":true,\"installed\":true,\"version\":\"3.21.2\",\"resolution\":\"/Users/preetimallick/Desktop/Javascript/amazon-clone/amazon-clone/functions/node_modules/firebase-functions/lib/index.js\"}}"}}
[debug] [2022-05-31T18:01:30.924Z] [runtime-status] [89762] Resolved module firebase-functions {"declared":true,"installed":true,"version":"3.21.2","resolution":"/Users/preetimallick/Desktop/Javascript/amazon-clone/amazon-clone/functions/node_modules/firebase-functions/lib/index.js"} {"metadata":{"emulator":{"name":"functions"},"message":"[runtime-status] [89762] Resolved module firebase-functions {\"declared\":true,\"installed\":true,\"version\":\"3.21.2\",\"resolution\":\"/Users/preetimallick/Desktop/Javascript/amazon-clone/amazon-clone/functions/node_modules/firebase-functions/lib/index.js\"}"}}
[debug] [2022-05-31T18:01:30.924Z] [runtime-status] [89762] Resolved module firebase-admin {"declared":true,"installed":true,"version":"9.12.0","resolution":"/Users/preetimallick/Desktop/Javascript/amazon-clone/amazon-clone/functions/node_modules/firebase-admin/lib/index.js"} {"metadata":{"emulator":{"name":"functions"},"message":"[runtime-status] [89762] Resolved module firebase-admin {\"declared\":true,\"installed\":true,\"version\":\"9.12.0\",\"resolution\":\"/Users/preetimallick/Desktop/Javascript/amazon-clone/amazon-clone/functions/node_modules/firebase-admin/lib/index.js\"}"}}
[debug] [2022-05-31T18:01:30.928Z] [runtime-status] [89762] Resolved module firebase-functions {"declared":true,"installed":true,"version":"3.21.2","resolution":"/Users/preetimallick/Desktop/Javascript/amazon-clone/amazon-clone/functions/node_modules/firebase-functions/lib/index.js"} {"metadata":{"emulator":{"name":"functions"},"message":"[runtime-status] [89762] Resolved module firebase-functions {\"declared\":true,\"installed\":true,\"version\":\"3.21.2\",\"resolution\":\"/Users/preetimallick/Desktop/Javascript/amazon-clone/amazon-clone/functions/node_modules/firebase-functions/lib/index.js\"}"}}
[debug] [2022-05-31T18:01:30.928Z] [runtime-status] [89762] firebase-admin has been stubbed. {"adminResolution":{"declared":true,"installed":true,"version":"9.12.0","resolution":"/Users/preetimallick/Desktop/Javascript/amazon-clone/amazon-clone/functions/node_modules/firebase-admin/lib/index.js"}} {"metadata":{"emulator":{"name":"functions"},"message":"[runtime-status] [89762] firebase-admin has been stubbed. {\"adminResolution\":{\"declared\":true,\"installed\":true,\"version\":\"9.12.0\",\"resolution\":\"/Users/preetimallick/Desktop/Javascript/amazon-clone/amazon-clone/functions/node_modules/firebase-admin/lib/index.js\"}}"}}
[info] ✔  functions[api]: http function initialized (http://localhost:5001/challenge-b657d/us-central1/api). {"metadata":{"emulator":{"name":"functions"},"message":"\u001b[1mhttp\u001b[22m function initialized (http://localhost:5001/challenge-b657d/us-central1/api)."}}
[debug] [2022-05-31T18:01:31.014Z] [worker-~diagnostic~-2c34260c-a543-467c-ad22-9db6562e72e9]: IDLE {"metadata":{"emulator":{"name":"functions"},"message":"[worker-~diagnostic~-2c34260c-a543-467c-ad22-9db6562e72e9]: IDLE"}}
[debug] [2022-05-31T18:02:04.145Z] [work-queue] {"queueLength":1,"workRunningCount":0}
[debug] [2022-05-31T18:02:04.147Z] [work-queue] {"queueLength":0,"workRunningCount":1}
[debug] [2022-05-31T18:02:04.150Z] Accepted request GET /challenge-b657d/us-central1/api --> api
[debug] [2022-05-31T18:02:04.154Z] [worker-pool] Cleaned up workers for ~diagnostic~: 2 --> 1 {"metadata":{"emulator":{"name":"functions"},"message":"[worker-pool] Cleaned up workers for ~diagnostic~: 2 --> 1"}}
[debug] [2022-05-31T18:02:04.158Z] [worker-pool] addWorker(api) {"metadata":{"emulator":{"name":"functions"},"message":"[worker-pool] addWorker(api)"}}
[debug] [2022-05-31T18:02:04.159Z] [worker-pool] Adding worker with key api, total=1 {"metadata":{"emulator":{"name":"functions"},"message":"[worker-pool] Adding worker with key api, total=1"}}
[debug] [2022-05-31T18:02:04.159Z] [worker-pool] submitWork(triggerId=api) {"metadata":{"emulator":{"name":"functions"},"message":"[worker-pool] submitWork(triggerId=api)"}}
[debug] [2022-05-31T18:02:04.159Z] [worker-api-f569f0a9-51f0-4911-9f3a-637ee9d0d3b7]: Assigning socketPath: /var/folders/_s/2rgpwy_x7z9dwnpvclc4bmmh0000gn/T/fire_emu_89788.sock {"metadata":{"emulator":{"name":"functions"},"message":"[worker-api-f569f0a9-51f0-4911-9f3a-637ee9d0d3b7]: Assigning socketPath: /var/folders/_s/2rgpwy_x7z9dwnpvclc4bmmh0000gn/T/fire_emu_89788.sock"}}
[debug] [2022-05-31T18:02:04.159Z] [worker-api-f569f0a9-51f0-4911-9f3a-637ee9d0d3b7]: BUSY {"metadata":{"emulator":{"name":"functions"},"message":"[worker-api-f569f0a9-51f0-4911-9f3a-637ee9d0d3b7]: BUSY"}}
[debug] [2022-05-31T18:02:04.269Z] [runtime-status] [89788] Functions runtime initialized. {"cwd":"/Users/preetimallick/Desktop/Javascript/amazon-clone/amazon-clone/functions","node_version":"17.8.0"} {"metadata":{"emulator":{"name":"functions"},"function":{"name":"api"},"message":"[runtime-status] [89788] Functions runtime initialized. {\"cwd\":\"/Users/preetimallick/Desktop/Javascript/amazon-clone/amazon-clone/functions\",\"node_version\":\"17.8.0\"}"}}
[debug] [2022-05-31T18:02:04.270Z] [runtime-status] [89788] Disabled runtime features: undefined {"metadata":{"emulator":{"name":"functions"},"function":{"name":"api"},"message":"[runtime-status] [89788] Disabled runtime features: undefined"}}
[debug] [2022-05-31T18:02:04.271Z] [runtime-status] [89788] Resolved module firebase-admin {"declared":true,"installed":true,"version":"9.12.0","resolution":"/Users/preetimallick/Desktop/Javascript/amazon-clone/amazon-clone/functions/node_modules/firebase-admin/lib/index.js"} {"metadata":{"emulator":{"name":"functions"},"function":{"name":"api"},"message":"[runtime-status] [89788] Resolved module firebase-admin {\"declared\":true,\"installed\":true,\"version\":\"9.12.0\",\"resolution\":\"/Users/preetimallick/Desktop/Javascript/amazon-clone/amazon-clone/functions/node_modules/firebase-admin/lib/index.js\"}"}}
[debug] [2022-05-31T18:02:04.271Z] [runtime-status] [89788] Resolved module firebase-functions {"declared":true,"installed":true,"version":"3.21.2","resolution":"/Users/preetimallick/Desktop/Javascript/amazon-clone/amazon-clone/functions/node_modules/firebase-functions/lib/index.js"} {"metadata":{"emulator":{"name":"functions"},"function":{"name":"api"},"message":"[runtime-status] [89788] Resolved module firebase-functions {\"declared\":true,\"installed\":true,\"version\":\"3.21.2\",\"resolution\":\"/Users/preetimallick/Desktop/Javascript/amazon-clone/amazon-clone/functions/node_modules/firebase-functions/lib/index.js\"}"}}
[debug] [2022-05-31T18:02:04.273Z] [runtime-status] [89788] Resolved module firebase-functions {"declared":true,"installed":true,"version":"3.21.2","resolution":"/Users/preetimallick/Desktop/Javascript/amazon-clone/amazon-clone/functions/node_modules/firebase-functions/lib/index.js"} {"metadata":{"emulator":{"name":"functions"},"function":{"name":"api"},"message":"[runtime-status] [89788] Resolved module firebase-functions {\"declared\":true,\"installed\":true,\"version\":\"3.21.2\",\"resolution\":\"/Users/preetimallick/Desktop/Javascript/amazon-clone/amazon-clone/functions/node_modules/firebase-functions/lib/index.js\"}"}}
[debug] [2022-05-31T18:02:04.274Z] [runtime-status] [89788] Outgoing network have been stubbed. [{"name":"http","status":"mocked"},{"name":"http","status":"mocked"},{"name":"https","status":"mocked"},{"name":"https","status":"mocked"},{"name":"net","status":"mocked"}] {"metadata":{"emulator":{"name":"functions"},"function":{"name":"api"},"message":"[runtime-status] [89788] Outgoing network have been stubbed. [{\"name\":\"http\",\"status\":\"mocked\"},{\"name\":\"http\",\"status\":\"mocked\"},{\"name\":\"https\",\"status\":\"mocked\"},{\"name\":\"https\",\"status\":\"mocked\"},{\"name\":\"net\",\"status\":\"mocked\"}]"}}
[debug] [2022-05-31T18:02:04.274Z] [runtime-status] [89788] Resolved module firebase-functions {"declared":true,"installed":true,"version":"3.21.2","resolution":"/Users/preetimallick/Desktop/Javascript/amazon-clone/amazon-clone/functions/node_modules/firebase-functions/lib/index.js"} {"metadata":{"emulator":{"name":"functions"},"function":{"name":"api"},"message":"[runtime-status] [89788] Resolved module firebase-functions {\"declared\":true,\"installed\":true,\"version\":\"3.21.2\",\"resolution\":\"/Users/preetimallick/Desktop/Javascript/amazon-clone/amazon-clone/functions/node_modules/firebase-functions/lib/index.js\"}"}}
[debug] [2022-05-31T18:02:04.298Z] [runtime-status] [89788] Checked functions.config() {"config":{}} {"metadata":{"emulator":{"name":"functions"},"function":{"name":"api"},"message":"[runtime-status] [89788] Checked functions.config() {\"config\":{}}"}}
[debug] [2022-05-31T18:02:04.298Z] [runtime-status] [89788] firebase-functions has been stubbed. {"functionsResolution":{"declared":true,"installed":true,"version":"3.21.2","resolution":"/Users/preetimallick/Desktop/Javascript/amazon-clone/amazon-clone/functions/node_modules/firebase-functions/lib/index.js"}} {"metadata":{"emulator":{"name":"functions"},"function":{"name":"api"},"message":"[runtime-status] [89788] firebase-functions has been stubbed. {\"functionsResolution\":{\"declared\":true,\"installed\":true,\"version\":\"3.21.2\",\"resolution\":\"/Users/preetimallick/Desktop/Javascript/amazon-clone/amazon-clone/functions/node_modules/firebase-functions/lib/index.js\"}}"}}
[debug] [2022-05-31T18:02:04.298Z] [runtime-status] [89788] Resolved module firebase-functions {"declared":true,"installed":true,"version":"3.21.2","resolution":"/Users/preetimallick/Desktop/Javascript/amazon-clone/amazon-clone/functions/node_modules/firebase-functions/lib/index.js"} {"metadata":{"emulator":{"name":"functions"},"function":{"name":"api"},"message":"[runtime-status] [89788] Resolved module firebase-functions {\"declared\":true,\"installed\":true,\"version\":\"3.21.2\",\"resolution\":\"/Users/preetimallick/Desktop/Javascript/amazon-clone/amazon-clone/functions/node_modules/firebase-functions/lib/index.js\"}"}}
[debug] [2022-05-31T18:02:04.298Z] [runtime-status] [89788] Resolved module firebase-admin {"declared":true,"installed":true,"version":"9.12.0","resolution":"/Users/preetimallick/Desktop/Javascript/amazon-clone/amazon-clone/functions/node_modules/firebase-admin/lib/index.js"} {"metadata":{"emulator":{"name":"functions"},"function":{"name":"api"},"message":"[runtime-status] [89788] Resolved module firebase-admin {\"declared\":true,\"installed\":true,\"version\":\"9.12.0\",\"resolution\":\"/Users/preetimallick/Desktop/Javascript/amazon-clone/amazon-clone/functions/node_modules/firebase-admin/lib/index.js\"}"}}
[debug] [2022-05-31T18:02:04.298Z] [runtime-status] [89788] Resolved module firebase-functions {"declared":true,"installed":true,"version":"3.21.2","resolution":"/Users/preetimallick/Desktop/Javascript/amazon-clone/amazon-clone/functions/node_modules/firebase-functions/lib/index.js"} {"metadata":{"emulator":{"name":"functions"},"function":{"name":"api"},"message":"[runtime-status] [89788] Resolved module firebase-functions {\"declared\":true,\"installed\":true,\"version\":\"3.21.2\",\"resolution\":\"/Users/preetimallick/Desktop/Javascript/amazon-clone/amazon-clone/functions/node_modules/firebase-functions/lib/index.js\"}"}}
[debug] [2022-05-31T18:02:04.298Z] [runtime-status] [89788] firebase-admin has been stubbed. {"adminResolution":{"declared":true,"installed":true,"version":"9.12.0","resolution":"/Users/preetimallick/Desktop/Javascript/amazon-clone/amazon-clone/functions/node_modules/firebase-admin/lib/index.js"}} {"metadata":{"emulator":{"name":"functions"},"function":{"name":"api"},"message":"[runtime-status] [89788] firebase-admin has been stubbed. {\"adminResolution\":{\"declared\":true,\"installed\":true,\"version\":\"9.12.0\",\"resolution\":\"/Users/preetimallick/Desktop/Javascript/amazon-clone/amazon-clone/functions/node_modules/firebase-admin/lib/index.js\"}}"}}
[debug] [2022-05-31T18:02:04.355Z] [runtime-status] [89788] Trigger "api" has been found, beginning invocation! {"metadata":{"emulator":{"name":"functions"},"function":{"name":"api"},"message":"[runtime-status] [89788] Trigger \"api\" has been found, beginning invocation!"}}
[info] i  functions: Beginning execution of "api" {"metadata":{"emulator":{"name":"functions"},"function":{"name":"api"},"message":"Beginning execution of \"api\""}}
[debug] [2022-05-31T18:02:04.356Z] [runtime-status] [89788] triggerDefinition {"httpsTrigger":{},"name":"api","entryPoint":"api"} {"metadata":{"emulator":{"name":"functions"},"function":{"name":"api"},"message":"[runtime-status] [89788] triggerDefinition {\"httpsTrigger\":{},\"name\":\"api\",\"entryPoint\":\"api\"}"}}
[debug] [2022-05-31T18:02:04.356Z] [runtime-status] [89788] Running api in mode HTTPS {"metadata":{"emulator":{"name":"functions"},"function":{"name":"api"},"message":"[runtime-status] [89788] Running api in mode HTTPS"}}
[debug] [2022-05-31T18:02:04.357Z] [runtime-status] [89788] Attempting to listen to socketPath: /var/folders/_s/2rgpwy_x7z9dwnpvclc4bmmh0000gn/T/fire_emu_89788.sock {"metadata":{"emulator":{"name":"functions"},"function":{"name":"api"},"message":"[runtime-status] [89788] Attempting to listen to socketPath: /var/folders/_s/2rgpwy_x7z9dwnpvclc4bmmh0000gn/T/fire_emu_89788.sock"}}
[debug] [2022-05-31T18:02:04.371Z] [functions] Runtime ready! Sending request! {"metadata":{"emulator":{"name":"functions"},"message":"[functions] Runtime ready! Sending request!"}}
[debug] [2022-05-31T18:02:04.384Z] [runtime-status] [89788] Ephemeral server handling GET request {"metadata":{"emulator":{"name":"functions"},"function":{"name":"api"},"message":"[runtime-status] [89788] Ephemeral server handling GET request"}}
[debug] [2022-05-31T18:02:04.388Z] [runtime-status] [89788] Ephemeral server survived. {"metadata":{"emulator":{"name":"functions"},"function":{"name":"api"},"message":"[runtime-status] [89788] Ephemeral server survived."}}
[info] i  functions: Finished "api" in ~1s {"metadata":{"emulator":{"name":"functions"},"function":{"name":"api"},"message":"Finished \"api\" in ~1s"}}
[debug] [2022-05-31T18:02:04.388Z] [worker-api-f569f0a9-51f0-4911-9f3a-637ee9d0d3b7]: IDLE {"metadata":{"emulator":{"name":"functions"},"message":"[worker-api-f569f0a9-51f0-4911-9f3a-637ee9d0d3b7]: IDLE"}}
[debug] [2022-05-31T18:02:04.388Z] [work-queue] {"queueLength":0,"workRunningCount":0}
[debug] [2022-05-31T18:02:04.533Z] Functions emulator received unknown request at path /favicon.ico
[debug] [2022-05-31T18:02:30.830Z] File /Users/preetimallick/Desktop/Javascript/amazon-clone/amazon-clone/functions/index.js changed, reloading triggers {"metadata":{"emulator":{"name":"functions"},"message":"File /Users/preetimallick/Desktop/Javascript/amazon-clone/amazon-clone/functions/index.js changed, reloading triggers"}}
[debug] [2022-05-31T18:02:31.835Z] [worker-pool] Shutting down IDLE worker (~diagnostic~) {"metadata":{"emulator":{"name":"functions"},"message":"[worker-pool] Shutting down IDLE worker (~diagnostic~)"}}
[debug] [2022-05-31T18:02:31.835Z] [worker-~diagnostic~-2c34260c-a543-467c-ad22-9db6562e72e9]: FINISHING {"metadata":{"emulator":{"name":"functions"},"message":"[worker-~diagnostic~-2c34260c-a543-467c-ad22-9db6562e72e9]: FINISHING"}}
[debug] [2022-05-31T18:02:31.835Z] [worker-pool] Shutting down IDLE worker (api) {"metadata":{"emulator":{"name":"functions"},"message":"[worker-pool] Shutting down IDLE worker (api)"}}
[debug] [2022-05-31T18:02:31.835Z] [worker-api-f569f0a9-51f0-4911-9f3a-637ee9d0d3b7]: FINISHING {"metadata":{"emulator":{"name":"functions"},"message":"[worker-api-f569f0a9-51f0-4911-9f3a-637ee9d0d3b7]: FINISHING"}}
[debug] [2022-05-31T18:02:31.840Z] [worker-pool] addWorker(~diagnostic~) {"metadata":{"emulator":{"name":"functions"},"message":"[worker-pool] addWorker(~diagnostic~)"}}
[debug] [2022-05-31T18:02:31.840Z] [worker-pool] Adding worker with key ~diagnostic~, total=2 {"metadata":{"emulator":{"name":"functions"},"message":"[worker-pool] Adding worker with key ~diagnostic~, total=2"}}
[debug] [2022-05-31T18:02:31.853Z] [worker-pool] submitWork(triggerId=) {"metadata":{"emulator":{"name":"functions"},"message":"[worker-pool] submitWork(triggerId=)"}}
[debug] [2022-05-31T18:02:31.853Z] [worker-~diagnostic~-41e0ee2d-1a5b-42e9-b2ad-ff3ce6db7982]: Assigning socketPath: /var/folders/_s/2rgpwy_x7z9dwnpvclc4bmmh0000gn/T/fire_emu_89794.sock {"metadata":{"emulator":{"name":"functions"},"message":"[worker-~diagnostic~-41e0ee2d-1a5b-42e9-b2ad-ff3ce6db7982]: Assigning socketPath: /var/folders/_s/2rgpwy_x7z9dwnpvclc4bmmh0000gn/T/fire_emu_89794.sock"}}
[debug] [2022-05-31T18:02:31.853Z] [worker-~diagnostic~-41e0ee2d-1a5b-42e9-b2ad-ff3ce6db7982]: BUSY {"metadata":{"emulator":{"name":"functions"},"message":"[worker-~diagnostic~-41e0ee2d-1a5b-42e9-b2ad-ff3ce6db7982]: BUSY"}}
[debug] [2022-05-31T18:02:31.853Z] [worker-~diagnostic~-2c34260c-a543-467c-ad22-9db6562e72e9]: exited {"metadata":{"emulator":{"name":"functions"},"message":"[worker-~diagnostic~-2c34260c-a543-467c-ad22-9db6562e72e9]: exited"}}
[debug] [2022-05-31T18:02:31.853Z] [worker-~diagnostic~-2c34260c-a543-467c-ad22-9db6562e72e9]: FINISHED {"metadata":{"emulator":{"name":"functions"},"message":"[worker-~diagnostic~-2c34260c-a543-467c-ad22-9db6562e72e9]: FINISHED"}}
[debug] [2022-05-31T18:02:31.853Z] [worker-api-f569f0a9-51f0-4911-9f3a-637ee9d0d3b7]: exited {"metadata":{"emulator":{"name":"functions"},"message":"[worker-api-f569f0a9-51f0-4911-9f3a-637ee9d0d3b7]: exited"}}
[debug] [2022-05-31T18:02:31.853Z] [worker-api-f569f0a9-51f0-4911-9f3a-637ee9d0d3b7]: FINISHED {"metadata":{"emulator":{"name":"functions"},"message":"[worker-api-f569f0a9-51f0-4911-9f3a-637ee9d0d3b7]: FINISHED"}}
[debug] [2022-05-31T18:02:32.353Z] [runtime-status] [89794] Functions runtime initialized. {"cwd":"/Users/preetimallick/Desktop/Javascript/amazon-clone/amazon-clone/functions","node_version":"17.8.0"} {"metadata":{"emulator":{"name":"functions"},"message":"[runtime-status] [89794] Functions runtime initialized. {\"cwd\":\"/Users/preetimallick/Desktop/Javascript/amazon-clone/amazon-clone/functions\",\"node_version\":\"17.8.0\"}"}}
[debug] [2022-05-31T18:02:32.353Z] [runtime-status] [89794] Disabled runtime features: undefined {"metadata":{"emulator":{"name":"functions"},"message":"[runtime-status] [89794] Disabled runtime features: undefined"}}
[debug] [2022-05-31T18:02:32.354Z] [runtime-status] [89794] Resolved module firebase-admin {"declared":true,"installed":true,"version":"9.12.0","resolution":"/Users/preetimallick/Desktop/Javascript/amazon-clone/amazon-clone/functions/node_modules/firebase-admin/lib/index.js"} {"metadata":{"emulator":{"name":"functions"},"message":"[runtime-status] [89794] Resolved module firebase-admin {\"declared\":true,\"installed\":true,\"version\":\"9.12.0\",\"resolution\":\"/Users/preetimallick/Desktop/Javascript/amazon-clone/amazon-clone/functions/node_modules/firebase-admin/lib/index.js\"}"}}
[debug] [2022-05-31T18:02:32.355Z] [runtime-status] [89794] Resolved module firebase-functions {"declared":true,"installed":true,"version":"3.21.2","resolution":"/Users/preetimallick/Desktop/Javascript/amazon-clone/amazon-clone/functions/node_modules/firebase-functions/lib/index.js"} {"metadata":{"emulator":{"name":"functions"},"message":"[runtime-status] [89794] Resolved module firebase-functions {\"declared\":true,\"installed\":true,\"version\":\"3.21.2\",\"resolution\":\"/Users/preetimallick/Desktop/Javascript/amazon-clone/amazon-clone/functions/node_modules/firebase-functions/lib/index.js\"}"}}
[debug] [2022-05-31T18:02:32.357Z] [runtime-status] [89794] Resolved module firebase-functions {"declared":true,"installed":true,"version":"3.21.2","resolution":"/Users/preetimallick/Desktop/Javascript/amazon-clone/amazon-clone/functions/node_modules/firebase-functions/lib/index.js"} {"metadata":{"emulator":{"name":"functions"},"message":"[runtime-status] [89794] Resolved module firebase-functions {\"declared\":true,\"installed\":true,\"version\":\"3.21.2\",\"resolution\":\"/Users/preetimallick/Desktop/Javascript/amazon-clone/amazon-clone/functions/node_modules/firebase-functions/lib/index.js\"}"}}
[debug] [2022-05-31T18:02:32.358Z] [runtime-status] [89794] Outgoing network have been stubbed. [{"name":"http","status":"mocked"},{"name":"http","status":"mocked"},{"name":"https","status":"mocked"},{"name":"https","status":"mocked"},{"name":"net","status":"mocked"}] {"metadata":{"emulator":{"name":"functions"},"message":"[runtime-status] [89794] Outgoing network have been stubbed. [{\"name\":\"http\",\"status\":\"mocked\"},{\"name\":\"http\",\"status\":\"mocked\"},{\"name\":\"https\",\"status\":\"mocked\"},{\"name\":\"https\",\"status\":\"mocked\"},{\"name\":\"net\",\"status\":\"mocked\"}]"}}
[debug] [2022-05-31T18:02:32.358Z] [runtime-status] [89794] Resolved module firebase-functions {"declared":true,"installed":true,"version":"3.21.2","resolution":"/Users/preetimallick/Desktop/Javascript/amazon-clone/amazon-clone/functions/node_modules/firebase-functions/lib/index.js"} {"metadata":{"emulator":{"name":"functions"},"message":"[runtime-status] [89794] Resolved module firebase-functions {\"declared\":true,\"installed\":true,\"version\":\"3.21.2\",\"resolution\":\"/Users/preetimallick/Desktop/Javascript/amazon-clone/amazon-clone/functions/node_modules/firebase-functions/lib/index.js\"}"}}
[debug] [2022-05-31T18:02:32.384Z] [runtime-status] [89794] Checked functions.config() {"config":{}} {"metadata":{"emulator":{"name":"functions"},"message":"[runtime-status] [89794] Checked functions.config() {\"config\":{}}"}}
[debug] [2022-05-31T18:02:32.385Z] [runtime-status] [89794] firebase-functions has been stubbed. {"functionsResolution":{"declared":true,"installed":true,"version":"3.21.2","resolution":"/Users/preetimallick/Desktop/Javascript/amazon-clone/amazon-clone/functions/node_modules/firebase-functions/lib/index.js"}} {"metadata":{"emulator":{"name":"functions"},"message":"[runtime-status] [89794] firebase-functions has been stubbed. {\"functionsResolution\":{\"declared\":true,\"installed\":true,\"version\":\"3.21.2\",\"resolution\":\"/Users/preetimallick/Desktop/Javascript/amazon-clone/amazon-clone/functions/node_modules/firebase-functions/lib/index.js\"}}"}}
[debug] [2022-05-31T18:02:32.385Z] [runtime-status] [89794] Resolved module firebase-functions {"declared":true,"installed":true,"version":"3.21.2","resolution":"/Users/preetimallick/Desktop/Javascript/amazon-clone/amazon-clone/functions/node_modules/firebase-functions/lib/index.js"} {"metadata":{"emulator":{"name":"functions"},"message":"[runtime-status] [89794] Resolved module firebase-functions {\"declared\":true,\"installed\":true,\"version\":\"3.21.2\",\"resolution\":\"/Users/preetimallick/Desktop/Javascript/amazon-clone/amazon-clone/functions/node_modules/firebase-functions/lib/index.js\"}"}}
[debug] [2022-05-31T18:02:32.385Z] [runtime-status] [89794] Resolved module firebase-admin {"declared":true,"installed":true,"version":"9.12.0","resolution":"/Users/preetimallick/Desktop/Javascript/amazon-clone/amazon-clone/functions/node_modules/firebase-admin/lib/index.js"} {"metadata":{"emulator":{"name":"functions"},"message":"[runtime-status] [89794] Resolved module firebase-admin {\"declared\":true,\"installed\":true,\"version\":\"9.12.0\",\"resolution\":\"/Users/preetimallick/Desktop/Javascript/amazon-clone/amazon-clone/functions/node_modules/firebase-admin/lib/index.js\"}"}}
[debug] [2022-05-31T18:02:32.385Z] [runtime-status] [89794] Resolved module firebase-functions {"declared":true,"installed":true,"version":"3.21.2","resolution":"/Users/preetimallick/Desktop/Javascript/amazon-clone/amazon-clone/functions/node_modules/firebase-functions/lib/index.js"} {"metadata":{"emulator":{"name":"functions"},"message":"[runtime-status] [89794] Resolved module firebase-functions {\"declared\":true,\"installed\":true,\"version\":\"3.21.2\",\"resolution\":\"/Users/preetimallick/Desktop/Javascript/amazon-clone/amazon-clone/functions/node_modules/firebase-functions/lib/index.js\"}"}}
[debug] [2022-05-31T18:02:32.385Z] [runtime-status] [89794] firebase-admin has been stubbed. {"adminResolution":{"declared":true,"installed":true,"version":"9.12.0","resolution":"/Users/preetimallick/Desktop/Javascript/amazon-clone/amazon-clone/functions/node_modules/firebase-admin/lib/index.js"}} {"metadata":{"emulator":{"name":"functions"},"message":"[runtime-status] [89794] firebase-admin has been stubbed. {\"adminResolution\":{\"declared\":true,\"installed\":true,\"version\":\"9.12.0\",\"resolution\":\"/Users/preetimallick/Desktop/Javascript/amazon-clone/amazon-clone/functions/node_modules/firebase-admin/lib/index.js\"}}"}}
[debug] [2022-05-31T18:02:32.449Z] [worker-~diagnostic~-41e0ee2d-1a5b-42e9-b2ad-ff3ce6db7982]: IDLE {"metadata":{"emulator":{"name":"functions"},"message":"[worker-~diagnostic~-41e0ee2d-1a5b-42e9-b2ad-ff3ce6db7982]: IDLE"}}
[debug] [2022-05-31T18:02:40.870Z] [work-queue] {"queueLength":1,"workRunningCount":0}
[debug] [2022-05-31T18:02:40.871Z] [work-queue] {"queueLength":0,"workRunningCount":1}
[debug] [2022-05-31T18:02:40.871Z] Accepted request GET /challenge-b657d/us-central1/api/preeti --> api
[debug] [2022-05-31T18:02:40.871Z] [worker-pool] Cleaned up workers for ~diagnostic~: 2 --> 1 {"metadata":{"emulator":{"name":"functions"},"message":"[worker-pool] Cleaned up workers for ~diagnostic~: 2 --> 1"}}
[debug] [2022-05-31T18:02:40.871Z] [worker-pool] Cleaned up workers for api: 1 --> 0 {"metadata":{"emulator":{"name":"functions"},"message":"[worker-pool] Cleaned up workers for api: 1 --> 0"}}
[debug] [2022-05-31T18:02:40.872Z] [worker-pool] addWorker(api) {"metadata":{"emulator":{"name":"functions"},"message":"[worker-pool] addWorker(api)"}}
[debug] [2022-05-31T18:02:40.872Z] [worker-pool] Adding worker with key api, total=1 {"metadata":{"emulator":{"name":"functions"},"message":"[worker-pool] Adding worker with key api, total=1"}}
[debug] [2022-05-31T18:02:40.872Z] [worker-pool] submitWork(triggerId=api) {"metadata":{"emulator":{"name":"functions"},"message":"[worker-pool] submitWork(triggerId=api)"}}
[debug] [2022-05-31T18:02:40.873Z] [worker-api-ac01152a-6a73-46d7-9afc-0b18932463e3]: Assigning socketPath: /var/folders/_s/2rgpwy_x7z9dwnpvclc4bmmh0000gn/T/fire_emu_89802.sock {"metadata":{"emulator":{"name":"functions"},"message":"[worker-api-ac01152a-6a73-46d7-9afc-0b18932463e3]: Assigning socketPath: /var/folders/_s/2rgpwy_x7z9dwnpvclc4bmmh0000gn/T/fire_emu_89802.sock"}}
[debug] [2022-05-31T18:02:40.873Z] [worker-api-ac01152a-6a73-46d7-9afc-0b18932463e3]: BUSY {"metadata":{"emulator":{"name":"functions"},"message":"[worker-api-ac01152a-6a73-46d7-9afc-0b18932463e3]: BUSY"}}
[debug] [2022-05-31T18:02:40.980Z] [runtime-status] [89802] Functions runtime initialized. {"cwd":"/Users/preetimallick/Desktop/Javascript/amazon-clone/amazon-clone/functions","node_version":"17.8.0"} {"metadata":{"emulator":{"name":"functions"},"function":{"name":"api"},"message":"[runtime-status] [89802] Functions runtime initialized. {\"cwd\":\"/Users/preetimallick/Desktop/Javascript/amazon-clone/amazon-clone/functions\",\"node_version\":\"17.8.0\"}"}}
[debug] [2022-05-31T18:02:40.980Z] [runtime-status] [89802] Disabled runtime features: undefined {"metadata":{"emulator":{"name":"functions"},"function":{"name":"api"},"message":"[runtime-status] [89802] Disabled runtime features: undefined"}}
[debug] [2022-05-31T18:02:40.981Z] [runtime-status] [89802] Resolved module firebase-admin {"declared":true,"installed":true,"version":"9.12.0","resolution":"/Users/preetimallick/Desktop/Javascript/amazon-clone/amazon-clone/functions/node_modules/firebase-admin/lib/index.js"} {"metadata":{"emulator":{"name":"functions"},"function":{"name":"api"},"message":"[runtime-status] [89802] Resolved module firebase-admin {\"declared\":true,\"installed\":true,\"version\":\"9.12.0\",\"resolution\":\"/Users/preetimallick/Desktop/Javascript/amazon-clone/amazon-clone/functions/node_modules/firebase-admin/lib/index.js\"}"}}
[debug] [2022-05-31T18:02:40.981Z] [runtime-status] [89802] Resolved module firebase-functions {"declared":true,"installed":true,"version":"3.21.2","resolution":"/Users/preetimallick/Desktop/Javascript/amazon-clone/amazon-clone/functions/node_modules/firebase-functions/lib/index.js"} {"metadata":{"emulator":{"name":"functions"},"function":{"name":"api"},"message":"[runtime-status] [89802] Resolved module firebase-functions {\"declared\":true,\"installed\":true,\"version\":\"3.21.2\",\"resolution\":\"/Users/preetimallick/Desktop/Javascript/amazon-clone/amazon-clone/functions/node_modules/firebase-functions/lib/index.js\"}"}}
[debug] [2022-05-31T18:02:40.982Z] [runtime-status] [89802] Resolved module firebase-functions {"declared":true,"installed":true,"version":"3.21.2","resolution":"/Users/preetimallick/Desktop/Javascript/amazon-clone/amazon-clone/functions/node_modules/firebase-functions/lib/index.js"} {"metadata":{"emulator":{"name":"functions"},"function":{"name":"api"},"message":"[runtime-status] [89802] Resolved module firebase-functions {\"declared\":true,\"installed\":true,\"version\":\"3.21.2\",\"resolution\":\"/Users/preetimallick/Desktop/Javascript/amazon-clone/amazon-clone/functions/node_modules/firebase-functions/lib/index.js\"}"}}
[debug] [2022-05-31T18:02:40.983Z] [runtime-status] [89802] Outgoing network have been stubbed. [{"name":"http","status":"mocked"},{"name":"http","status":"mocked"},{"name":"https","status":"mocked"},{"name":"https","status":"mocked"},{"name":"net","status":"mocked"}] {"metadata":{"emulator":{"name":"functions"},"function":{"name":"api"},"message":"[runtime-status] [89802] Outgoing network have been stubbed. [{\"name\":\"http\",\"status\":\"mocked\"},{\"name\":\"http\",\"status\":\"mocked\"},{\"name\":\"https\",\"status\":\"mocked\"},{\"name\":\"https\",\"status\":\"mocked\"},{\"name\":\"net\",\"status\":\"mocked\"}]"}}
[debug] [2022-05-31T18:02:40.984Z] [runtime-status] [89802] Resolved module firebase-functions {"declared":true,"installed":true,"version":"3.21.2","resolution":"/Users/preetimallick/Desktop/Javascript/amazon-clone/amazon-clone/functions/node_modules/firebase-functions/lib/index.js"} {"metadata":{"emulator":{"name":"functions"},"function":{"name":"api"},"message":"[runtime-status] [89802] Resolved module firebase-functions {\"declared\":true,\"installed\":true,\"version\":\"3.21.2\",\"resolution\":\"/Users/preetimallick/Desktop/Javascript/amazon-clone/amazon-clone/functions/node_modules/firebase-functions/lib/index.js\"}"}}
[debug] [2022-05-31T18:02:41.000Z] [runtime-status] [89802] Checked functions.config() {"config":{}} {"metadata":{"emulator":{"name":"functions"},"function":{"name":"api"},"message":"[runtime-status] [89802] Checked functions.config() {\"config\":{}}"}}
[debug] [2022-05-31T18:02:41.000Z] [runtime-status] [89802] firebase-functions has been stubbed. {"functionsResolution":{"declared":true,"installed":true,"version":"3.21.2","resolution":"/Users/preetimallick/Desktop/Javascript/amazon-clone/amazon-clone/functions/node_modules/firebase-functions/lib/index.js"}} {"metadata":{"emulator":{"name":"functions"},"function":{"name":"api"},"message":"[runtime-status] [89802] firebase-functions has been stubbed. {\"functionsResolution\":{\"declared\":true,\"installed\":true,\"version\":\"3.21.2\",\"resolution\":\"/Users/preetimallick/Desktop/Javascript/amazon-clone/amazon-clone/functions/node_modules/firebase-functions/lib/index.js\"}}"}}
[debug] [2022-05-31T18:02:41.001Z] [runtime-status] [89802] Resolved module firebase-functions {"declared":true,"installed":true,"version":"3.21.2","resolution":"/Users/preetimallick/Desktop/Javascript/amazon-clone/amazon-clone/functions/node_modules/firebase-functions/lib/index.js"} {"metadata":{"emulator":{"name":"functions"},"function":{"name":"api"},"message":"[runtime-status] [89802] Resolved module firebase-functions {\"declared\":true,\"installed\":true,\"version\":\"3.21.2\",\"resolution\":\"/Users/preetimallick/Desktop/Javascript/amazon-clone/amazon-clone/functions/node_modules/firebase-functions/lib/index.js\"}"}}
[debug] [2022-05-31T18:02:41.001Z] [runtime-status] [89802] Resolved module firebase-admin {"declared":true,"installed":true,"version":"9.12.0","resolution":"/Users/preetimallick/Desktop/Javascript/amazon-clone/amazon-clone/functions/node_modules/firebase-admin/lib/index.js"} {"metadata":{"emulator":{"name":"functions"},"function":{"name":"api"},"message":"[runtime-status] [89802] Resolved module firebase-admin {\"declared\":true,\"installed\":true,\"version\":\"9.12.0\",\"resolution\":\"/Users/preetimallick/Desktop/Javascript/amazon-clone/amazon-clone/functions/node_modules/firebase-admin/lib/index.js\"}"}}
[debug] [2022-05-31T18:02:41.003Z] [runtime-status] [89802] Resolved module firebase-functions {"declared":true,"installed":true,"version":"3.21.2","resolution":"/Users/preetimallick/Desktop/Javascript/amazon-clone/amazon-clone/functions/node_modules/firebase-functions/lib/index.js"} {"metadata":{"emulator":{"name":"functions"},"function":{"name":"api"},"message":"[runtime-status] [89802] Resolved module firebase-functions {\"declared\":true,\"installed\":true,\"version\":\"3.21.2\",\"resolution\":\"/Users/preetimallick/Desktop/Javascript/amazon-clone/amazon-clone/functions/node_modules/firebase-functions/lib/index.js\"}"}}
[debug] [2022-05-31T18:02:41.003Z] [runtime-status] [89802] firebase-admin has been stubbed. {"adminResolution":{"declared":true,"installed":true,"version":"9.12.0","resolution":"/Users/preetimallick/Desktop/Javascript/amazon-clone/amazon-clone/functions/node_modules/firebase-admin/lib/index.js"}} {"metadata":{"emulator":{"name":"functions"},"function":{"name":"api"},"message":"[runtime-status] [89802] firebase-admin has been stubbed. {\"adminResolution\":{\"declared\":true,\"installed\":true,\"version\":\"9.12.0\",\"resolution\":\"/Users/preetimallick/Desktop/Javascript/amazon-clone/amazon-clone/functions/node_modules/firebase-admin/lib/index.js\"}}"}}
[debug] [2022-05-31T18:02:41.036Z] [runtime-status] [89802] Trigger "api" has been found, beginning invocation! {"metadata":{"emulator":{"name":"functions"},"function":{"name":"api"},"message":"[runtime-status] [89802] Trigger \"api\" has been found, beginning invocation!"}}
[info] i  functions: Beginning execution of "api" {"metadata":{"emulator":{"name":"functions"},"function":{"name":"api"},"message":"Beginning execution of \"api\""}}
[debug] [2022-05-31T18:02:41.037Z] [runtime-status] [89802] triggerDefinition {"httpsTrigger":{},"name":"api","entryPoint":"api"} {"metadata":{"emulator":{"name":"functions"},"function":{"name":"api"},"message":"[runtime-status] [89802] triggerDefinition {\"httpsTrigger\":{},\"name\":\"api\",\"entryPoint\":\"api\"}"}}
[debug] [2022-05-31T18:02:41.037Z] [runtime-status] [89802] Running api in mode HTTPS {"metadata":{"emulator":{"name":"functions"},"function":{"name":"api"},"message":"[runtime-status] [89802] Running api in mode HTTPS"}}
[debug] [2022-05-31T18:02:41.038Z] [runtime-status] [89802] Attempting to listen to socketPath: /var/folders/_s/2rgpwy_x7z9dwnpvclc4bmmh0000gn/T/fire_emu_89802.sock {"metadata":{"emulator":{"name":"functions"},"function":{"name":"api"},"message":"[runtime-status] [89802] Attempting to listen to socketPath: /var/folders/_s/2rgpwy_x7z9dwnpvclc4bmmh0000gn/T/fire_emu_89802.sock"}}
[debug] [2022-05-31T18:02:41.039Z] [functions] Runtime ready! Sending request! {"metadata":{"emulator":{"name":"functions"},"message":"[functions] Runtime ready! Sending request!"}}
[debug] [2022-05-31T18:02:41.042Z] [runtime-status] [89802] Ephemeral server handling GET request {"metadata":{"emulator":{"name":"functions"},"function":{"name":"api"},"message":"[runtime-status] [89802] Ephemeral server handling GET request"}}
[debug] [2022-05-31T18:02:41.045Z] [runtime-status] [89802] Ephemeral server survived. {"metadata":{"emulator":{"name":"functions"},"function":{"name":"api"},"message":"[runtime-status] [89802] Ephemeral server survived."}}
[info] i  functions: Finished "api" in ~1s {"metadata":{"emulator":{"name":"functions"},"function":{"name":"api"},"message":"Finished \"api\" in ~1s"}}
[debug] [2022-05-31T18:02:41.048Z] [worker-api-ac01152a-6a73-46d7-9afc-0b18932463e3]: IDLE {"metadata":{"emulator":{"name":"functions"},"message":"[worker-api-ac01152a-6a73-46d7-9afc-0b18932463e3]: IDLE"}}
[debug] [2022-05-31T18:02:41.048Z] [work-queue] {"queueLength":0,"workRunningCount":0}
[debug] [2022-05-31T18:10:53.248Z] File /Users/preetimallick/Desktop/Javascript/amazon-clone/amazon-clone/functions/index.js changed, reloading triggers {"metadata":{"emulator":{"name":"functions"},"message":"File /Users/preetimallick/Desktop/Javascript/amazon-clone/amazon-clone/functions/index.js changed, reloading triggers"}}
[debug] [2022-05-31T18:10:54.263Z] [worker-pool] Shutting down IDLE worker (~diagnostic~) {"metadata":{"emulator":{"name":"functions"},"message":"[worker-pool] Shutting down IDLE worker (~diagnostic~)"}}
[debug] [2022-05-31T18:10:54.264Z] [worker-~diagnostic~-41e0ee2d-1a5b-42e9-b2ad-ff3ce6db7982]: FINISHING {"metadata":{"emulator":{"name":"functions"},"message":"[worker-~diagnostic~-41e0ee2d-1a5b-42e9-b2ad-ff3ce6db7982]: FINISHING"}}
[debug] [2022-05-31T18:10:54.266Z] [worker-pool] Shutting down IDLE worker (api) {"metadata":{"emulator":{"name":"functions"},"message":"[worker-pool] Shutting down IDLE worker (api)"}}
[debug] [2022-05-31T18:10:54.266Z] [worker-api-ac01152a-6a73-46d7-9afc-0b18932463e3]: FINISHING {"metadata":{"emulator":{"name":"functions"},"message":"[worker-api-ac01152a-6a73-46d7-9afc-0b18932463e3]: FINISHING"}}
[debug] [2022-05-31T18:10:54.284Z] [worker-pool] addWorker(~diagnostic~) {"metadata":{"emulator":{"name":"functions"},"message":"[worker-pool] addWorker(~diagnostic~)"}}
[debug] [2022-05-31T18:10:54.284Z] [worker-pool] Adding worker with key ~diagnostic~, total=2 {"metadata":{"emulator":{"name":"functions"},"message":"[worker-pool] Adding worker with key ~diagnostic~, total=2"}}
[debug] [2022-05-31T18:10:54.284Z] [worker-pool] submitWork(triggerId=) {"metadata":{"emulator":{"name":"functions"},"message":"[worker-pool] submitWork(triggerId=)"}}
[debug] [2022-05-31T18:10:54.289Z] [worker-~diagnostic~-0b9503da-d583-41f4-80f3-63086755f91e]: Assigning socketPath: /var/folders/_s/2rgpwy_x7z9dwnpvclc4bmmh0000gn/T/fire_emu_89888.sock {"metadata":{"emulator":{"name":"functions"},"message":"[worker-~diagnostic~-0b9503da-d583-41f4-80f3-63086755f91e]: Assigning socketPath: /var/folders/_s/2rgpwy_x7z9dwnpvclc4bmmh0000gn/T/fire_emu_89888.sock"}}
[debug] [2022-05-31T18:10:54.289Z] [worker-~diagnostic~-0b9503da-d583-41f4-80f3-63086755f91e]: BUSY {"metadata":{"emulator":{"name":"functions"},"message":"[worker-~diagnostic~-0b9503da-d583-41f4-80f3-63086755f91e]: BUSY"}}
[debug] [2022-05-31T18:10:54.312Z] [worker-~diagnostic~-41e0ee2d-1a5b-42e9-b2ad-ff3ce6db7982]: exited {"metadata":{"emulator":{"name":"functions"},"message":"[worker-~diagnostic~-41e0ee2d-1a5b-42e9-b2ad-ff3ce6db7982]: exited"}}
[debug] [2022-05-31T18:10:54.312Z] [worker-~diagnostic~-41e0ee2d-1a5b-42e9-b2ad-ff3ce6db7982]: FINISHED {"metadata":{"emulator":{"name":"functions"},"message":"[worker-~diagnostic~-41e0ee2d-1a5b-42e9-b2ad-ff3ce6db7982]: FINISHED"}}
[debug] [2022-05-31T18:10:54.312Z] [worker-api-ac01152a-6a73-46d7-9afc-0b18932463e3]: exited {"metadata":{"emulator":{"name":"functions"},"message":"[worker-api-ac01152a-6a73-46d7-9afc-0b18932463e3]: exited"}}
[debug] [2022-05-31T18:10:54.312Z] [worker-api-ac01152a-6a73-46d7-9afc-0b18932463e3]: FINISHED {"metadata":{"emulator":{"name":"functions"},"message":"[worker-api-ac01152a-6a73-46d7-9afc-0b18932463e3]: FINISHED"}}
[debug] [2022-05-31T18:10:54.654Z] [runtime-status] [89888] Functions runtime initialized. {"cwd":"/Users/preetimallick/Desktop/Javascript/amazon-clone/amazon-clone/functions","node_version":"17.8.0"} {"metadata":{"emulator":{"name":"functions"},"message":"[runtime-status] [89888] Functions runtime initialized. {\"cwd\":\"/Users/preetimallick/Desktop/Javascript/amazon-clone/amazon-clone/functions\",\"node_version\":\"17.8.0\"}"}}
[debug] [2022-05-31T18:10:54.654Z] [runtime-status] [89888] Disabled runtime features: undefined {"metadata":{"emulator":{"name":"functions"},"message":"[runtime-status] [89888] Disabled runtime features: undefined"}}
[debug] [2022-05-31T18:10:54.656Z] [runtime-status] [89888] Resolved module firebase-admin {"declared":true,"installed":true,"version":"9.12.0","resolution":"/Users/preetimallick/Desktop/Javascript/amazon-clone/amazon-clone/functions/node_modules/firebase-admin/lib/index.js"} {"metadata":{"emulator":{"name":"functions"},"message":"[runtime-status] [89888] Resolved module firebase-admin {\"declared\":true,\"installed\":true,\"version\":\"9.12.0\",\"resolution\":\"/Users/preetimallick/Desktop/Javascript/amazon-clone/amazon-clone/functions/node_modules/firebase-admin/lib/index.js\"}"}}
[debug] [2022-05-31T18:10:54.656Z] [runtime-status] [89888] Resolved module firebase-functions {"declared":true,"installed":true,"version":"3.21.2","resolution":"/Users/preetimallick/Desktop/Javascript/amazon-clone/amazon-clone/functions/node_modules/firebase-functions/lib/index.js"} {"metadata":{"emulator":{"name":"functions"},"message":"[runtime-status] [89888] Resolved module firebase-functions {\"declared\":true,\"installed\":true,\"version\":\"3.21.2\",\"resolution\":\"/Users/preetimallick/Desktop/Javascript/amazon-clone/amazon-clone/functions/node_modules/firebase-functions/lib/index.js\"}"}}
[debug] [2022-05-31T18:10:54.657Z] [runtime-status] [89888] Resolved module firebase-functions {"declared":true,"installed":true,"version":"3.21.2","resolution":"/Users/preetimallick/Desktop/Javascript/amazon-clone/amazon-clone/functions/node_modules/firebase-functions/lib/index.js"} {"metadata":{"emulator":{"name":"functions"},"message":"[runtime-status] [89888] Resolved module firebase-functions {\"declared\":true,\"installed\":true,\"version\":\"3.21.2\",\"resolution\":\"/Users/preetimallick/Desktop/Javascript/amazon-clone/amazon-clone/functions/node_modules/firebase-functions/lib/index.js\"}"}}
[debug] [2022-05-31T18:10:54.659Z] [runtime-status] [89888] Outgoing network have been stubbed. [{"name":"http","status":"mocked"},{"name":"http","status":"mocked"},{"name":"https","status":"mocked"},{"name":"https","status":"mocked"},{"name":"net","status":"mocked"}] {"metadata":{"emulator":{"name":"functions"},"message":"[runtime-status] [89888] Outgoing network have been stubbed. [{\"name\":\"http\",\"status\":\"mocked\"},{\"name\":\"http\",\"status\":\"mocked\"},{\"name\":\"https\",\"status\":\"mocked\"},{\"name\":\"https\",\"status\":\"mocked\"},{\"name\":\"net\",\"status\":\"mocked\"}]"}}
[debug] [2022-05-31T18:10:54.659Z] [runtime-status] [89888] Resolved module firebase-functions {"declared":true,"installed":true,"version":"3.21.2","resolution":"/Users/preetimallick/Desktop/Javascript/amazon-clone/amazon-clone/functions/node_modules/firebase-functions/lib/index.js"} {"metadata":{"emulator":{"name":"functions"},"message":"[runtime-status] [89888] Resolved module firebase-functions {\"declared\":true,\"installed\":true,\"version\":\"3.21.2\",\"resolution\":\"/Users/preetimallick/Desktop/Javascript/amazon-clone/amazon-clone/functions/node_modules/firebase-functions/lib/index.js\"}"}}
[debug] [2022-05-31T18:10:54.686Z] [runtime-status] [89888] Checked functions.config() {"config":{}} {"metadata":{"emulator":{"name":"functions"},"message":"[runtime-status] [89888] Checked functions.config() {\"config\":{}}"}}
[debug] [2022-05-31T18:10:54.686Z] [runtime-status] [89888] firebase-functions has been stubbed. {"functionsResolution":{"declared":true,"installed":true,"version":"3.21.2","resolution":"/Users/preetimallick/Desktop/Javascript/amazon-clone/amazon-clone/functions/node_modules/firebase-functions/lib/index.js"}} {"metadata":{"emulator":{"name":"functions"},"message":"[runtime-status] [89888] firebase-functions has been stubbed. {\"functionsResolution\":{\"declared\":true,\"installed\":true,\"version\":\"3.21.2\",\"resolution\":\"/Users/preetimallick/Desktop/Javascript/amazon-clone/amazon-clone/functions/node_modules/firebase-functions/lib/index.js\"}}"}}
[debug] [2022-05-31T18:10:54.686Z] [runtime-status] [89888] Resolved module firebase-functions {"declared":true,"installed":true,"version":"3.21.2","resolution":"/Users/preetimallick/Desktop/Javascript/amazon-clone/amazon-clone/functions/node_modules/firebase-functions/lib/index.js"} {"metadata":{"emulator":{"name":"functions"},"message":"[runtime-status] [89888] Resolved module firebase-functions {\"declared\":true,\"installed\":true,\"version\":\"3.21.2\",\"resolution\":\"/Users/preetimallick/Desktop/Javascript/amazon-clone/amazon-clone/functions/node_modules/firebase-functions/lib/index.js\"}"}}
[debug] [2022-05-31T18:10:54.686Z] [runtime-status] [89888] Resolved module firebase-admin {"declared":true,"installed":true,"version":"9.12.0","resolution":"/Users/preetimallick/Desktop/Javascript/amazon-clone/amazon-clone/functions/node_modules/firebase-admin/lib/index.js"} {"metadata":{"emulator":{"name":"functions"},"message":"[runtime-status] [89888] Resolved module firebase-admin {\"declared\":true,\"installed\":true,\"version\":\"9.12.0\",\"resolution\":\"/Users/preetimallick/Desktop/Javascript/amazon-clone/amazon-clone/functions/node_modules/firebase-admin/lib/index.js\"}"}}
[debug] [2022-05-31T18:10:54.687Z] [runtime-status] [89888] Resolved module firebase-functions {"declared":true,"installed":true,"version":"3.21.2","resolution":"/Users/preetimallick/Desktop/Javascript/amazon-clone/amazon-clone/functions/node_modules/firebase-functions/lib/index.js"} {"metadata":{"emulator":{"name":"functions"},"message":"[runtime-status] [89888] Resolved module firebase-functions {\"declared\":true,\"installed\":true,\"version\":\"3.21.2\",\"resolution\":\"/Users/preetimallick/Desktop/Javascript/amazon-clone/amazon-clone/functions/node_modules/firebase-functions/lib/index.js\"}"}}
[debug] [2022-05-31T18:10:54.687Z] [runtime-status] [89888] firebase-admin has been stubbed. {"adminResolution":{"declared":true,"installed":true,"version":"9.12.0","resolution":"/Users/preetimallick/Desktop/Javascript/amazon-clone/amazon-clone/functions/node_modules/firebase-admin/lib/index.js"}} {"metadata":{"emulator":{"name":"functions"},"message":"[runtime-status] [89888] firebase-admin has been stubbed. {\"adminResolution\":{\"declared\":true,\"installed\":true,\"version\":\"9.12.0\",\"resolution\":\"/Users/preetimallick/Desktop/Javascript/amazon-clone/amazon-clone/functions/node_modules/firebase-admin/lib/index.js\"}}"}}
[debug] [2022-05-31T18:10:54.758Z] [worker-~diagnostic~-0b9503da-d583-41f4-80f3-63086755f91e]: IDLE {"metadata":{"emulator":{"name":"functions"},"message":"[worker-~diagnostic~-0b9503da-d583-41f4-80f3-63086755f91e]: IDLE"}}
[debug] [2022-05-31T18:24:05.314Z] [work-queue] {"queueLength":1,"workRunningCount":0}
[debug] [2022-05-31T18:24:05.326Z] [work-queue] {"queueLength":0,"workRunningCount":1}
[debug] [2022-05-31T18:24:05.326Z] Accepted request POST /challenge-b657d/us-central1/api/payments/create?total=2999 --> api
[debug] [2022-05-31T18:24:05.330Z] [worker-pool] Cleaned up workers for ~diagnostic~: 2 --> 1 {"metadata":{"emulator":{"name":"functions"},"message":"[worker-pool] Cleaned up workers for ~diagnostic~: 2 --> 1"}}
[debug] [2022-05-31T18:24:05.332Z] [worker-pool] Cleaned up workers for api: 1 --> 0 {"metadata":{"emulator":{"name":"functions"},"message":"[worker-pool] Cleaned up workers for api: 1 --> 0"}}
[debug] [2022-05-31T18:24:05.345Z] [worker-pool] addWorker(api) {"metadata":{"emulator":{"name":"functions"},"message":"[worker-pool] addWorker(api)"}}
[debug] [2022-05-31T18:24:05.347Z] [worker-pool] Adding worker with key api, total=1 {"metadata":{"emulator":{"name":"functions"},"message":"[worker-pool] Adding worker with key api, total=1"}}
[debug] [2022-05-31T18:24:05.349Z] [worker-pool] submitWork(triggerId=api) {"metadata":{"emulator":{"name":"functions"},"message":"[worker-pool] submitWork(triggerId=api)"}}
[debug] [2022-05-31T18:24:05.371Z] [worker-api-7dbc0823-2e52-4fbc-9768-1b73f2711e61]: Assigning socketPath: /var/folders/_s/2rgpwy_x7z9dwnpvclc4bmmh0000gn/T/fire_emu_90095.sock {"metadata":{"emulator":{"name":"functions"},"message":"[worker-api-7dbc0823-2e52-4fbc-9768-1b73f2711e61]: Assigning socketPath: /var/folders/_s/2rgpwy_x7z9dwnpvclc4bmmh0000gn/T/fire_emu_90095.sock"}}
[debug] [2022-05-31T18:24:05.371Z] [worker-api-7dbc0823-2e52-4fbc-9768-1b73f2711e61]: BUSY {"metadata":{"emulator":{"name":"functions"},"message":"[worker-api-7dbc0823-2e52-4fbc-9768-1b73f2711e61]: BUSY"}}
[debug] [2022-05-31T18:24:05.373Z] [work-queue] {"queueLength":1,"workRunningCount":1}
[debug] [2022-05-31T18:24:05.375Z] [work-queue] {"queueLength":0,"workRunningCount":2}
[debug] [2022-05-31T18:24:05.375Z] Accepted request POST /challenge-b657d/us-central1/api/payments/create?total=2999 --> api
[debug] [2022-05-31T18:24:05.379Z] [worker-pool] addWorker(api) {"metadata":{"emulator":{"name":"functions"},"message":"[worker-pool] addWorker(api)"}}
[debug] [2022-05-31T18:24:05.379Z] [worker-pool] Adding worker with key api, total=2 {"metadata":{"emulator":{"name":"functions"},"message":"[worker-pool] Adding worker with key api, total=2"}}
[debug] [2022-05-31T18:24:05.379Z] [worker-pool] submitWork(triggerId=api) {"metadata":{"emulator":{"name":"functions"},"message":"[worker-pool] submitWork(triggerId=api)"}}
[debug] [2022-05-31T18:24:05.379Z] [worker-api-7d89e0d7-e14f-4f13-ba81-6f349e4f7f34]: Assigning socketPath: /var/folders/_s/2rgpwy_x7z9dwnpvclc4bmmh0000gn/T/fire_emu_90096.sock {"metadata":{"emulator":{"name":"functions"},"message":"[worker-api-7d89e0d7-e14f-4f13-ba81-6f349e4f7f34]: Assigning socketPath: /var/folders/_s/2rgpwy_x7z9dwnpvclc4bmmh0000gn/T/fire_emu_90096.sock"}}
[debug] [2022-05-31T18:24:05.379Z] [worker-api-7d89e0d7-e14f-4f13-ba81-6f349e4f7f34]: BUSY {"metadata":{"emulator":{"name":"functions"},"message":"[worker-api-7d89e0d7-e14f-4f13-ba81-6f349e4f7f34]: BUSY"}}
[debug] [2022-05-31T18:24:05.536Z] [runtime-status] [90096] Functions runtime initialized. {"cwd":"/Users/preetimallick/Desktop/Javascript/amazon-clone/amazon-clone/functions","node_version":"17.8.0"} {"metadata":{"emulator":{"name":"functions"},"function":{"name":"api"},"message":"[runtime-status] [90096] Functions runtime initialized. {\"cwd\":\"/Users/preetimallick/Desktop/Javascript/amazon-clone/amazon-clone/functions\",\"node_version\":\"17.8.0\"}"}}
[debug] [2022-05-31T18:24:05.537Z] [runtime-status] [90095] Functions runtime initialized. {"cwd":"/Users/preetimallick/Desktop/Javascript/amazon-clone/amazon-clone/functions","node_version":"17.8.0"} {"metadata":{"emulator":{"name":"functions"},"function":{"name":"api"},"message":"[runtime-status] [90095] Functions runtime initialized. {\"cwd\":\"/Users/preetimallick/Desktop/Javascript/amazon-clone/amazon-clone/functions\",\"node_version\":\"17.8.0\"}"}}
[debug] [2022-05-31T18:24:05.537Z] [runtime-status] [90096] Disabled runtime features: undefined {"metadata":{"emulator":{"name":"functions"},"function":{"name":"api"},"message":"[runtime-status] [90096] Disabled runtime features: undefined"}}
[debug] [2022-05-31T18:24:05.537Z] [runtime-status] [90095] Disabled runtime features: undefined {"metadata":{"emulator":{"name":"functions"},"function":{"name":"api"},"message":"[runtime-status] [90095] Disabled runtime features: undefined"}}
[debug] [2022-05-31T18:24:05.539Z] [runtime-status] [90096] Resolved module firebase-admin {"declared":true,"installed":true,"version":"9.12.0","resolution":"/Users/preetimallick/Desktop/Javascript/amazon-clone/amazon-clone/functions/node_modules/firebase-admin/lib/index.js"} {"metadata":{"emulator":{"name":"functions"},"function":{"name":"api"},"message":"[runtime-status] [90096] Resolved module firebase-admin {\"declared\":true,\"installed\":true,\"version\":\"9.12.0\",\"resolution\":\"/Users/preetimallick/Desktop/Javascript/amazon-clone/amazon-clone/functions/node_modules/firebase-admin/lib/index.js\"}"}}
[debug] [2022-05-31T18:24:05.539Z] [runtime-status] [90095] Resolved module firebase-admin {"declared":true,"installed":true,"version":"9.12.0","resolution":"/Users/preetimallick/Desktop/Javascript/amazon-clone/amazon-clone/functions/node_modules/firebase-admin/lib/index.js"} {"metadata":{"emulator":{"name":"functions"},"function":{"name":"api"},"message":"[runtime-status] [90095] Resolved module firebase-admin {\"declared\":true,\"installed\":true,\"version\":\"9.12.0\",\"resolution\":\"/Users/preetimallick/Desktop/Javascript/amazon-clone/amazon-clone/functions/node_modules/firebase-admin/lib/index.js\"}"}}
[debug] [2022-05-31T18:24:05.540Z] [runtime-status] [90095] Resolved module firebase-functions {"declared":true,"installed":true,"version":"3.21.2","resolution":"/Users/preetimallick/Desktop/Javascript/amazon-clone/amazon-clone/functions/node_modules/firebase-functions/lib/index.js"} {"metadata":{"emulator":{"name":"functions"},"function":{"name":"api"},"message":"[runtime-status] [90095] Resolved module firebase-functions {\"declared\":true,\"installed\":true,\"version\":\"3.21.2\",\"resolution\":\"/Users/preetimallick/Desktop/Javascript/amazon-clone/amazon-clone/functions/node_modules/firebase-functions/lib/index.js\"}"}}
[debug] [2022-05-31T18:24:05.540Z] [runtime-status] [90096] Resolved module firebase-functions {"declared":true,"installed":true,"version":"3.21.2","resolution":"/Users/preetimallick/Desktop/Javascript/amazon-clone/amazon-clone/functions/node_modules/firebase-functions/lib/index.js"} {"metadata":{"emulator":{"name":"functions"},"function":{"name":"api"},"message":"[runtime-status] [90096] Resolved module firebase-functions {\"declared\":true,\"installed\":true,\"version\":\"3.21.2\",\"resolution\":\"/Users/preetimallick/Desktop/Javascript/amazon-clone/amazon-clone/functions/node_modules/firebase-functions/lib/index.js\"}"}}
[debug] [2022-05-31T18:24:05.541Z] [runtime-status] [90096] Resolved module firebase-functions {"declared":true,"installed":true,"version":"3.21.2","resolution":"/Users/preetimallick/Desktop/Javascript/amazon-clone/amazon-clone/functions/node_modules/firebase-functions/lib/index.js"} {"metadata":{"emulator":{"name":"functions"},"function":{"name":"api"},"message":"[runtime-status] [90096] Resolved module firebase-functions {\"declared\":true,\"installed\":true,\"version\":\"3.21.2\",\"resolution\":\"/Users/preetimallick/Desktop/Javascript/amazon-clone/amazon-clone/functions/node_modules/firebase-functions/lib/index.js\"}"}}
[debug] [2022-05-31T18:24:05.542Z] [runtime-status] [90095] Resolved module firebase-functions {"declared":true,"installed":true,"version":"3.21.2","resolution":"/Users/preetimallick/Desktop/Javascript/amazon-clone/amazon-clone/functions/node_modules/firebase-functions/lib/index.js"} {"metadata":{"emulator":{"name":"functions"},"function":{"name":"api"},"message":"[runtime-status] [90095] Resolved module firebase-functions {\"declared\":true,\"installed\":true,\"version\":\"3.21.2\",\"resolution\":\"/Users/preetimallick/Desktop/Javascript/amazon-clone/amazon-clone/functions/node_modules/firebase-functions/lib/index.js\"}"}}
[debug] [2022-05-31T18:24:05.542Z] [runtime-status] [90095] Outgoing network have been stubbed. [{"name":"http","status":"mocked"},{"name":"http","status":"mocked"},{"name":"https","status":"mocked"},{"name":"https","status":"mocked"},{"name":"net","status":"mocked"}] {"metadata":{"emulator":{"name":"functions"},"function":{"name":"api"},"message":"[runtime-status] [90095] Outgoing network have been stubbed. [{\"name\":\"http\",\"status\":\"mocked\"},{\"name\":\"http\",\"status\":\"mocked\"},{\"name\":\"https\",\"status\":\"mocked\"},{\"name\":\"https\",\"status\":\"mocked\"},{\"name\":\"net\",\"status\":\"mocked\"}]"}}
[debug] [2022-05-31T18:24:05.543Z] [runtime-status] [90096] Outgoing network have been stubbed. [{"name":"http","status":"mocked"},{"name":"http","status":"mocked"},{"name":"https","status":"mocked"},{"name":"https","status":"mocked"},{"name":"net","status":"mocked"}] {"metadata":{"emulator":{"name":"functions"},"function":{"name":"api"},"message":"[runtime-status] [90096] Outgoing network have been stubbed. [{\"name\":\"http\",\"status\":\"mocked\"},{\"name\":\"http\",\"status\":\"mocked\"},{\"name\":\"https\",\"status\":\"mocked\"},{\"name\":\"https\",\"status\":\"mocked\"},{\"name\":\"net\",\"status\":\"mocked\"}]"}}
[debug] [2022-05-31T18:24:05.546Z] [runtime-status] [90096] Resolved module firebase-functions {"declared":true,"installed":true,"version":"3.21.2","resolution":"/Users/preetimallick/Desktop/Javascript/amazon-clone/amazon-clone/functions/node_modules/firebase-functions/lib/index.js"} {"metadata":{"emulator":{"name":"functions"},"function":{"name":"api"},"message":"[runtime-status] [90096] Resolved module firebase-functions {\"declared\":true,\"installed\":true,\"version\":\"3.21.2\",\"resolution\":\"/Users/preetimallick/Desktop/Javascript/amazon-clone/amazon-clone/functions/node_modules/firebase-functions/lib/index.js\"}"}}
[debug] [2022-05-31T18:24:05.546Z] [runtime-status] [90095] Resolved module firebase-functions {"declared":true,"installed":true,"version":"3.21.2","resolution":"/Users/preetimallick/Desktop/Javascript/amazon-clone/amazon-clone/functions/node_modules/firebase-functions/lib/index.js"} {"metadata":{"emulator":{"name":"functions"},"function":{"name":"api"},"message":"[runtime-status] [90095] Resolved module firebase-functions {\"declared\":true,\"installed\":true,\"version\":\"3.21.2\",\"resolution\":\"/Users/preetimallick/Desktop/Javascript/amazon-clone/amazon-clone/functions/node_modules/firebase-functions/lib/index.js\"}"}}
[debug] [2022-05-31T18:24:05.573Z] [runtime-status] [90095] Checked functions.config() {"config":{}} {"metadata":{"emulator":{"name":"functions"},"function":{"name":"api"},"message":"[runtime-status] [90095] Checked functions.config() {\"config\":{}}"}}
[debug] [2022-05-31T18:24:05.574Z] [runtime-status] [90096] Checked functions.config() {"config":{}} {"metadata":{"emulator":{"name":"functions"},"function":{"name":"api"},"message":"[runtime-status] [90096] Checked functions.config() {\"config\":{}}"}}
[debug] [2022-05-31T18:24:05.574Z] [runtime-status] [90096] firebase-functions has been stubbed. {"functionsResolution":{"declared":true,"installed":true,"version":"3.21.2","resolution":"/Users/preetimallick/Desktop/Javascript/amazon-clone/amazon-clone/functions/node_modules/firebase-functions/lib/index.js"}} {"metadata":{"emulator":{"name":"functions"},"function":{"name":"api"},"message":"[runtime-status] [90096] firebase-functions has been stubbed. {\"functionsResolution\":{\"declared\":true,\"installed\":true,\"version\":\"3.21.2\",\"resolution\":\"/Users/preetimallick/Desktop/Javascript/amazon-clone/amazon-clone/functions/node_modules/firebase-functions/lib/index.js\"}}"}}
[debug] [2022-05-31T18:24:05.574Z] [runtime-status] [90095] firebase-functions has been stubbed. {"functionsResolution":{"declared":true,"installed":true,"version":"3.21.2","resolution":"/Users/preetimallick/Desktop/Javascript/amazon-clone/amazon-clone/functions/node_modules/firebase-functions/lib/index.js"}} {"metadata":{"emulator":{"name":"functions"},"function":{"name":"api"},"message":"[runtime-status] [90095] firebase-functions has been stubbed. {\"functionsResolution\":{\"declared\":true,\"installed\":true,\"version\":\"3.21.2\",\"resolution\":\"/Users/preetimallick/Desktop/Javascript/amazon-clone/amazon-clone/functions/node_modules/firebase-functions/lib/index.js\"}}"}}
[debug] [2022-05-31T18:24:05.574Z] [runtime-status] [90096] Resolved module firebase-functions {"declared":true,"installed":true,"version":"3.21.2","resolution":"/Users/preetimallick/Desktop/Javascript/amazon-clone/amazon-clone/functions/node_modules/firebase-functions/lib/index.js"} {"metadata":{"emulator":{"name":"functions"},"function":{"name":"api"},"message":"[runtime-status] [90096] Resolved module firebase-functions {\"declared\":true,\"installed\":true,\"version\":\"3.21.2\",\"resolution\":\"/Users/preetimallick/Desktop/Javascript/amazon-clone/amazon-clone/functions/node_modules/firebase-functions/lib/index.js\"}"}}
[debug] [2022-05-31T18:24:05.574Z] [runtime-status] [90095] Resolved module firebase-functions {"declared":true,"installed":true,"version":"3.21.2","resolution":"/Users/preetimallick/Desktop/Javascript/amazon-clone/amazon-clone/functions/node_modules/firebase-functions/lib/index.js"} {"metadata":{"emulator":{"name":"functions"},"function":{"name":"api"},"message":"[runtime-status] [90095] Resolved module firebase-functions {\"declared\":true,\"installed\":true,\"version\":\"3.21.2\",\"resolution\":\"/Users/preetimallick/Desktop/Javascript/amazon-clone/amazon-clone/functions/node_modules/firebase-functions/lib/index.js\"}"}}
[debug] [2022-05-31T18:24:05.574Z] [runtime-status] [90096] Resolved module firebase-admin {"declared":true,"installed":true,"version":"9.12.0","resolution":"/Users/preetimallick/Desktop/Javascript/amazon-clone/amazon-clone/functions/node_modules/firebase-admin/lib/index.js"} {"metadata":{"emulator":{"name":"functions"},"function":{"name":"api"},"message":"[runtime-status] [90096] Resolved module firebase-admin {\"declared\":true,\"installed\":true,\"version\":\"9.12.0\",\"resolution\":\"/Users/preetimallick/Desktop/Javascript/amazon-clone/amazon-clone/functions/node_modules/firebase-admin/lib/index.js\"}"}}
[debug] [2022-05-31T18:24:05.574Z] [runtime-status] [90095] Resolved module firebase-admin {"declared":true,"installed":true,"version":"9.12.0","resolution":"/Users/preetimallick/Desktop/Javascript/amazon-clone/amazon-clone/functions/node_modules/firebase-admin/lib/index.js"} {"metadata":{"emulator":{"name":"functions"},"function":{"name":"api"},"message":"[runtime-status] [90095] Resolved module firebase-admin {\"declared\":true,\"installed\":true,\"version\":\"9.12.0\",\"resolution\":\"/Users/preetimallick/Desktop/Javascript/amazon-clone/amazon-clone/functions/node_modules/firebase-admin/lib/index.js\"}"}}
[debug] [2022-05-31T18:24:05.574Z] [runtime-status] [90096] Resolved module firebase-functions {"declared":true,"installed":true,"version":"3.21.2","resolution":"/Users/preetimallick/Desktop/Javascript/amazon-clone/amazon-clone/functions/node_modules/firebase-functions/lib/index.js"} {"metadata":{"emulator":{"name":"functions"},"function":{"name":"api"},"message":"[runtime-status] [90096] Resolved module firebase-functions {\"declared\":true,\"installed\":true,\"version\":\"3.21.2\",\"resolution\":\"/Users/preetimallick/Desktop/Javascript/amazon-clone/amazon-clone/functions/node_modules/firebase-functions/lib/index.js\"}"}}
[debug] [2022-05-31T18:24:05.575Z] [runtime-status] [90095] Resolved module firebase-functions {"declared":true,"installed":true,"version":"3.21.2","resolution":"/Users/preetimallick/Desktop/Javascript/amazon-clone/amazon-clone/functions/node_modules/firebase-functions/lib/index.js"} {"metadata":{"emulator":{"name":"functions"},"function":{"name":"api"},"message":"[runtime-status] [90095] Resolved module firebase-functions {\"declared\":true,\"installed\":true,\"version\":\"3.21.2\",\"resolution\":\"/Users/preetimallick/Desktop/Javascript/amazon-clone/amazon-clone/functions/node_modules/firebase-functions/lib/index.js\"}"}}
[debug] [2022-05-31T18:24:05.575Z] [runtime-status] [90095] firebase-admin has been stubbed. {"adminResolution":{"declared":true,"installed":true,"version":"9.12.0","resolution":"/Users/preetimallick/Desktop/Javascript/amazon-clone/amazon-clone/functions/node_modules/firebase-admin/lib/index.js"}} {"metadata":{"emulator":{"name":"functions"},"function":{"name":"api"},"message":"[runtime-status] [90095] firebase-admin has been stubbed. {\"adminResolution\":{\"declared\":true,\"installed\":true,\"version\":\"9.12.0\",\"resolution\":\"/Users/preetimallick/Desktop/Javascript/amazon-clone/amazon-clone/functions/node_modules/firebase-admin/lib/index.js\"}}"}}
[debug] [2022-05-31T18:24:05.575Z] [runtime-status] [90096] firebase-admin has been stubbed. {"adminResolution":{"declared":true,"installed":true,"version":"9.12.0","resolution":"/Users/preetimallick/Desktop/Javascript/amazon-clone/amazon-clone/functions/node_modules/firebase-admin/lib/index.js"}} {"metadata":{"emulator":{"name":"functions"},"function":{"name":"api"},"message":"[runtime-status] [90096] firebase-admin has been stubbed. {\"adminResolution\":{\"declared\":true,\"installed\":true,\"version\":\"9.12.0\",\"resolution\":\"/Users/preetimallick/Desktop/Javascript/amazon-clone/amazon-clone/functions/node_modules/firebase-admin/lib/index.js\"}}"}}
[debug] [2022-05-31T18:24:05.658Z] [runtime-status] [90095] Trigger "api" has been found, beginning invocation! {"metadata":{"emulator":{"name":"functions"},"function":{"name":"api"},"message":"[runtime-status] [90095] Trigger \"api\" has been found, beginning invocation!"}}
[debug] [2022-05-31T18:24:05.658Z] [runtime-status] [90096] Trigger "api" has been found, beginning invocation! {"metadata":{"emulator":{"name":"functions"},"function":{"name":"api"},"message":"[runtime-status] [90096] Trigger \"api\" has been found, beginning invocation!"}}
[info] i  functions: Beginning execution of "api" {"metadata":{"emulator":{"name":"functions"},"function":{"name":"api"},"message":"Beginning execution of \"api\""}}
[debug] [2022-05-31T18:24:05.661Z] [runtime-status] [90095] triggerDefinition {"httpsTrigger":{},"name":"api","entryPoint":"api"} {"metadata":{"emulator":{"name":"functions"},"function":{"name":"api"},"message":"[runtime-status] [90095] triggerDefinition {\"httpsTrigger\":{},\"name\":\"api\",\"entryPoint\":\"api\"}"}}
[debug] [2022-05-31T18:24:05.661Z] [runtime-status] [90095] Running api in mode HTTPS {"metadata":{"emulator":{"name":"functions"},"function":{"name":"api"},"message":"[runtime-status] [90095] Running api in mode HTTPS"}}
[info] i  functions: Beginning execution of "api" {"metadata":{"emulator":{"name":"functions"},"function":{"name":"api"},"message":"Beginning execution of \"api\""}}
[debug] [2022-05-31T18:24:05.661Z] [runtime-status] [90096] triggerDefinition {"httpsTrigger":{},"name":"api","entryPoint":"api"} {"metadata":{"emulator":{"name":"functions"},"function":{"name":"api"},"message":"[runtime-status] [90096] triggerDefinition {\"httpsTrigger\":{},\"name\":\"api\",\"entryPoint\":\"api\"}"}}
[debug] [2022-05-31T18:24:05.661Z] [runtime-status] [90096] Running api in mode HTTPS {"metadata":{"emulator":{"name":"functions"},"function":{"name":"api"},"message":"[runtime-status] [90096] Running api in mode HTTPS"}}
[debug] [2022-05-31T18:24:05.661Z] [runtime-status] [90096] Attempting to listen to socketPath: /var/folders/_s/2rgpwy_x7z9dwnpvclc4bmmh0000gn/T/fire_emu_90096.sock {"metadata":{"emulator":{"name":"functions"},"function":{"name":"api"},"message":"[runtime-status] [90096] Attempting to listen to socketPath: /var/folders/_s/2rgpwy_x7z9dwnpvclc4bmmh0000gn/T/fire_emu_90096.sock"}}
[debug] [2022-05-31T18:24:05.662Z] [runtime-status] [90095] Attempting to listen to socketPath: /var/folders/_s/2rgpwy_x7z9dwnpvclc4bmmh0000gn/T/fire_emu_90095.sock {"metadata":{"emulator":{"name":"functions"},"function":{"name":"api"},"message":"[runtime-status] [90095] Attempting to listen to socketPath: /var/folders/_s/2rgpwy_x7z9dwnpvclc4bmmh0000gn/T/fire_emu_90095.sock"}}
[debug] [2022-05-31T18:24:05.682Z] [functions] Runtime ready! Sending request! {"metadata":{"emulator":{"name":"functions"},"message":"[functions] Runtime ready! Sending request!"}}
[debug] [2022-05-31T18:24:05.685Z] [functions] Runtime ready! Sending request! {"metadata":{"emulator":{"name":"functions"},"message":"[functions] Runtime ready! Sending request!"}}
[debug] [2022-05-31T18:24:05.706Z] [runtime-status] [90095] Ephemeral server handling POST request {"metadata":{"emulator":{"name":"functions"},"function":{"name":"api"},"message":"[runtime-status] [90095] Ephemeral server handling POST request"}}
[debug] [2022-05-31T18:24:05.706Z] [runtime-status] [90096] Ephemeral server handling POST request {"metadata":{"emulator":{"name":"functions"},"function":{"name":"api"},"message":"[runtime-status] [90096] Ephemeral server handling POST request"}}
[info] >  Payment Request Received Boom!! for this amount>>>> 2999 {"user":"Payment Request Received Boom!! for this amount>>>> 2999","metadata":{"emulator":{"name":"functions"},"function":{"name":"api"},"message":"\u001b[90m> \u001b[39m Payment Request Received Boom!! for this amount>>>> 2999"}}
[info] >  Payment Request Received Boom!! for this amount>>>> 2999 {"user":"Payment Request Received Boom!! for this amount>>>> 2999","metadata":{"emulator":{"name":"functions"},"function":{"name":"api"},"message":"\u001b[90m> \u001b[39m Payment Request Received Boom!! for this amount>>>> 2999"}}
[debug] [2022-05-31T18:24:05.712Z] [runtime-status] [90096] Ephemeral server survived. {"metadata":{"emulator":{"name":"functions"},"function":{"name":"api"},"message":"[runtime-status] [90096] Ephemeral server survived."}}
[debug] [2022-05-31T18:24:05.712Z] [runtime-status] [90095] Ephemeral server survived. {"metadata":{"emulator":{"name":"functions"},"function":{"name":"api"},"message":"[runtime-status] [90095] Ephemeral server survived."}}
[info] i  functions: Finished "api" in ~3s {"metadata":{"emulator":{"name":"functions"},"function":{"name":"api"},"message":"Finished \"api\" in ~3s"}}
[debug] [2022-05-31T18:24:09.657Z] [worker-api-7d89e0d7-e14f-4f13-ba81-6f349e4f7f34]: IDLE {"metadata":{"emulator":{"name":"functions"},"message":"[worker-api-7d89e0d7-e14f-4f13-ba81-6f349e4f7f34]: IDLE"}}
[debug] [2022-05-31T18:24:09.658Z] [work-queue] {"queueLength":0,"workRunningCount":1}
[info] i  functions: Finished "api" in ~3s {"metadata":{"emulator":{"name":"functions"},"function":{"name":"api"},"message":"Finished \"api\" in ~3s"}}
[debug] [2022-05-31T18:24:09.666Z] [worker-api-7dbc0823-2e52-4fbc-9768-1b73f2711e61]: IDLE {"metadata":{"emulator":{"name":"functions"},"message":"[worker-api-7dbc0823-2e52-4fbc-9768-1b73f2711e61]: IDLE"}}
[debug] [2022-05-31T18:24:09.669Z] [work-queue] {"queueLength":0,"workRunningCount":0}
